17:14:31 **** Build of configuration Debug for project pwmTest2 ****
make -j8 all 
arm-none-eabi-gcc "../Drivers/STM32F4xx_HAL_Driver/Src/stm32f4xx_hal.c" -mcpu=cortex-m4 -std=gnu11 -g3 -DDEBUG -DUSE_HAL_DRIVER -DSTM32F401xC -c -I../Core/Inc -I../Drivers/STM32F4xx_HAL_Driver/Inc -I../Drivers/STM32F4xx_HAL_Driver/Inc/Legacy -I../Drivers/CMSIS/Device/ST/STM32F4xx/Include -I../Drivers/CMSIS/Include -O0 -ffunction-sections -fdata-sections -Wall -fstack-usage -fcyclomatic-complexity -MMD -MP -MF"Drivers/STM32F4xx_HAL_Driver/Src/stm32f4xx_hal.d" -MT"Drivers/STM32F4xx_HAL_Driver/Src/stm32f4xx_hal.o" --specs=nano.specs -mfpu=fpv4-sp-d16 -mfloat-abi=hard -mthumb -o "Drivers/STM32F4xx_HAL_Driver/Src/stm32f4xx_hal.o"
arm-none-eabi-gcc "../Drivers/STM32F4xx_HAL_Driver/Src/stm32f4xx_hal_cortex.c" -mcpu=cortex-m4 -std=gnu11 -g3 -DDEBUG -DUSE_HAL_DRIVER -DSTM32F401xC -c -I../Core/Inc -I../Drivers/STM32F4xx_HAL_Driver/Inc -I../Drivers/STM32F4xx_HAL_Driver/Inc/Legacy -I../Drivers/CMSIS/Device/ST/STM32F4xx/Include -I../Drivers/CMSIS/Include -O0 -ffunction-sections -fdata-sections -Wall -fstack-usage -fcyclomatic-complexity -MMD -MP -MF"Drivers/STM32F4xx_HAL_Driver/Src/stm32f4xx_hal_cortex.d" -MT"Drivers/STM32F4xx_HAL_Driver/Src/stm32f4xx_hal_cortex.o" --specs=nano.specs -mfpu=fpv4-sp-d16 -mfloat-abi=hard -mthumb -o "Drivers/STM32F4xx_HAL_Driver/Src/stm32f4xx_hal_cortex.o"
arm-none-eabi-gcc "../Drivers/STM32F4xx_HAL_Driver/Src/stm32f4xx_hal_dma.c" -mcpu=cortex-m4 -std=gnu11 -g3 -DDEBUG -DUSE_HAL_DRIVER -DSTM32F401xC -c -I../Core/Inc -I../Drivers/STM32F4xx_HAL_Driver/Inc -I../Drivers/STM32F4xx_HAL_Driver/Inc/Legacy -I../Drivers/CMSIS/Device/ST/STM32F4xx/Include -I../Drivers/CMSIS/Include -O0 -ffunction-sections -fdata-sections -Wall -fstack-usage -fcyclomatic-complexity -MMD -MP -MF"Drivers/STM32F4xx_HAL_Driver/Src/stm32f4xx_hal_dma.d" -MT"Drivers/STM32F4xx_HAL_Driver/Src/stm32f4xx_hal_dma.o" --specs=nano.specs -mfpu=fpv4-sp-d16 -mfloat-abi=hard -mthumb -o "Drivers/STM32F4xx_HAL_Driver/Src/stm32f4xx_hal_dma.o"
arm-none-eabi-gcc "../Drivers/STM32F4xx_HAL_Driver/Src/stm32f4xx_hal_dma_ex.c" -mcpu=cortex-m4 -std=gnu11 -g3 -DDEBUG -DUSE_HAL_DRIVER -DSTM32F401xC -c -I../Core/Inc -I../Drivers/STM32F4xx_HAL_Driver/Inc -I../Drivers/STM32F4xx_HAL_Driver/Inc/Legacy -I../Drivers/CMSIS/Device/ST/STM32F4xx/Include -I../Drivers/CMSIS/Include -O0 -ffunction-sections -fdata-sections -Wall -fstack-usage -fcyclomatic-complexity -MMD -MP -MF"Drivers/STM32F4xx_HAL_Driver/Src/stm32f4xx_hal_dma_ex.d" -MT"Drivers/STM32F4xx_HAL_Driver/Src/stm32f4xx_hal_dma_ex.o" --specs=nano.specs -mfpu=fpv4-sp-d16 -mfloat-abi=hard -mthumb -o "Drivers/STM32F4xx_HAL_Driver/Src/stm32f4xx_hal_dma_ex.o"
arm-none-eabi-gcc "../Drivers/STM32F4xx_HAL_Driver/Src/stm32f4xx_hal_exti.c" -mcpu=cortex-m4 -std=gnu11 -g3 -DDEBUG -DUSE_HAL_DRIVER -DSTM32F401xC -c -I../Core/Inc -I../Drivers/STM32F4xx_HAL_Driver/Inc -I../Drivers/STM32F4xx_HAL_Driver/Inc/Legacy -I../Drivers/CMSIS/Device/ST/STM32F4xx/Include -I../Drivers/CMSIS/Include -O0 -ffunction-sections -fdata-sections -Wall -fstack-usage -fcyclomatic-complexity -MMD -MP -MF"Drivers/STM32F4xx_HAL_Driver/Src/stm32f4xx_hal_exti.d" -MT"Drivers/STM32F4xx_HAL_Driver/Src/stm32f4xx_hal_exti.o" --specs=nano.specs -mfpu=fpv4-sp-d16 -mfloat-abi=hard -mthumb -o "Drivers/STM32F4xx_HAL_Driver/Src/stm32f4xx_hal_exti.o"
arm-none-eabi-gcc "../Drivers/STM32F4xx_HAL_Driver/Src/stm32f4xx_hal_flash.c" -mcpu=cortex-m4 -std=gnu11 -g3 -DDEBUG -DUSE_HAL_DRIVER -DSTM32F401xC -c -I../Core/Inc -I../Drivers/STM32F4xx_HAL_Driver/Inc -I../Drivers/STM32F4xx_HAL_Driver/Inc/Legacy -I../Drivers/CMSIS/Device/ST/STM32F4xx/Include -I../Drivers/CMSIS/Include -O0 -ffunction-sections -fdata-sections -Wall -fstack-usage -fcyclomatic-complexity -MMD -MP -MF"Drivers/STM32F4xx_HAL_Driver/Src/stm32f4xx_hal_flash.d" -MT"Drivers/STM32F4xx_HAL_Driver/Src/stm32f4xx_hal_flash.o" --specs=nano.specs -mfpu=fpv4-sp-d16 -mfloat-abi=hard -mthumb -o "Drivers/STM32F4xx_HAL_Driver/Src/stm32f4xx_hal_flash.o"
arm-none-eabi-gcc "../Drivers/STM32F4xx_HAL_Driver/Src/stm32f4xx_hal_flash_ex.c" -mcpu=cortex-m4 -std=gnu11 -g3 -DDEBUG -DUSE_HAL_DRIVER -DSTM32F401xC -c -I../Core/Inc -I../Drivers/STM32F4xx_HAL_Driver/Inc -I../Drivers/STM32F4xx_HAL_Driver/Inc/Legacy -I../Drivers/CMSIS/Device/ST/STM32F4xx/Include -I../Drivers/CMSIS/Include -O0 -ffunction-sections -fdata-sections -Wall -fstack-usage -fcyclomatic-complexity -MMD -MP -MF"Drivers/STM32F4xx_HAL_Driver/Src/stm32f4xx_hal_flash_ex.d" -MT"Drivers/STM32F4xx_HAL_Driver/Src/stm32f4xx_hal_flash_ex.o" --specs=nano.specs -mfpu=fpv4-sp-d16 -mfloat-abi=hard -mthumb -o "Drivers/STM32F4xx_HAL_Driver/Src/stm32f4xx_hal_flash_ex.o"
arm-none-eabi-gcc "../Drivers/STM32F4xx_HAL_Driver/Src/stm32f4xx_hal_flash_ramfunc.c" -mcpu=cortex-m4 -std=gnu11 -g3 -DDEBUG -DUSE_HAL_DRIVER -DSTM32F401xC -c -I../Core/Inc -I../Drivers/STM32F4xx_HAL_Driver/Inc -I../Drivers/STM32F4xx_HAL_Driver/Inc/Legacy -I../Drivers/CMSIS/Device/ST/STM32F4xx/Include -I../Drivers/CMSIS/Include -O0 -ffunction-sections -fdata-sections -Wall -fstack-usage -fcyclomatic-complexity -MMD -MP -MF"Drivers/STM32F4xx_HAL_Driver/Src/stm32f4xx_hal_flash_ramfunc.d" -MT"Drivers/STM32F4xx_HAL_Driver/Src/stm32f4xx_hal_flash_ramfunc.o" --specs=nano.specs -mfpu=fpv4-sp-d16 -mfloat-abi=hard -mthumb -o "Drivers/STM32F4xx_HAL_Driver/Src/stm32f4xx_hal_flash_ramfunc.o"
arm-none-eabi-gcc "../Drivers/STM32F4xx_HAL_Driver/Src/stm32f4xx_hal_gpio.c" -mcpu=cortex-m4 -std=gnu11 -g3 -DDEBUG -DUSE_HAL_DRIVER -DSTM32F401xC -c -I../Core/Inc -I../Drivers/STM32F4xx_HAL_Driver/Inc -I../Drivers/STM32F4xx_HAL_Driver/Inc/Legacy -I../Drivers/CMSIS/Device/ST/STM32F4xx/Include -I../Drivers/CMSIS/Include -O0 -ffunction-sections -fdata-sections -Wall -fstack-usage -fcyclomatic-complexity -MMD -MP -MF"Drivers/STM32F4xx_HAL_Driver/Src/stm32f4xx_hal_gpio.d" -MT"Drivers/STM32F4xx_HAL_Driver/Src/stm32f4xx_hal_gpio.o" --specs=nano.specs -mfpu=fpv4-sp-d16 -mfloat-abi=hard -mthumb -o "Drivers/STM32F4xx_HAL_Driver/Src/stm32f4xx_hal_gpio.o"
arm-none-eabi-gcc "../Drivers/STM32F4xx_HAL_Driver/Src/stm32f4xx_hal_pwr.c" -mcpu=cortex-m4 -std=gnu11 -g3 -DDEBUG -DUSE_HAL_DRIVER -DSTM32F401xC -c -I../Core/Inc -I../Drivers/STM32F4xx_HAL_Driver/Inc -I../Drivers/STM32F4xx_HAL_Driver/Inc/Legacy -I../Drivers/CMSIS/Device/ST/STM32F4xx/Include -I../Drivers/CMSIS/Include -O0 -ffunction-sections -fdata-sections -Wall -fstack-usage -fcyclomatic-complexity -MMD -MP -MF"Drivers/STM32F4xx_HAL_Driver/Src/stm32f4xx_hal_pwr.d" -MT"Drivers/STM32F4xx_HAL_Driver/Src/stm32f4xx_hal_pwr.o" --specs=nano.specs -mfpu=fpv4-sp-d16 -mfloat-abi=hard -mthumb -o "Drivers/STM32F4xx_HAL_Driver/Src/stm32f4xx_hal_pwr.o"
arm-none-eabi-gcc "../Drivers/STM32F4xx_HAL_Driver/Src/stm32f4xx_hal_pwr_ex.c" -mcpu=cortex-m4 -std=gnu11 -g3 -DDEBUG -DUSE_HAL_DRIVER -DSTM32F401xC -c -I../Core/Inc -I../Drivers/STM32F4xx_HAL_Driver/Inc -I../Drivers/STM32F4xx_HAL_Driver/Inc/Legacy -I../Drivers/CMSIS/Device/ST/STM32F4xx/Include -I../Drivers/CMSIS/Include -O0 -ffunction-sections -fdata-sections -Wall -fstack-usage -fcyclomatic-complexity -MMD -MP -MF"Drivers/STM32F4xx_HAL_Driver/Src/stm32f4xx_hal_pwr_ex.d" -MT"Drivers/STM32F4xx_HAL_Driver/Src/stm32f4xx_hal_pwr_ex.o" --specs=nano.specs -mfpu=fpv4-sp-d16 -mfloat-abi=hard -mthumb -o "Drivers/STM32F4xx_HAL_Driver/Src/stm32f4xx_hal_pwr_ex.o"
arm-none-eabi-gcc "../Drivers/STM32F4xx_HAL_Driver/Src/stm32f4xx_hal_rcc.c" -mcpu=cortex-m4 -std=gnu11 -g3 -DDEBUG -DUSE_HAL_DRIVER -DSTM32F401xC -c -I../Core/Inc -I../Drivers/STM32F4xx_HAL_Driver/Inc -I../Drivers/STM32F4xx_HAL_Driver/Inc/Legacy -I../Drivers/CMSIS/Device/ST/STM32F4xx/Include -I../Drivers/CMSIS/Include -O0 -ffunction-sections -fdata-sections -Wall -fstack-usage -fcyclomatic-complexity -MMD -MP -MF"Drivers/STM32F4xx_HAL_Driver/Src/stm32f4xx_hal_rcc.d" -MT"Drivers/STM32F4xx_HAL_Driver/Src/stm32f4xx_hal_rcc.o" --specs=nano.specs -mfpu=fpv4-sp-d16 -mfloat-abi=hard -mthumb -o "Drivers/STM32F4xx_HAL_Driver/Src/stm32f4xx_hal_rcc.o"
arm-none-eabi-gcc "../Drivers/STM32F4xx_HAL_Driver/Src/stm32f4xx_hal_rcc_ex.c" -mcpu=cortex-m4 -std=gnu11 -g3 -DDEBUG -DUSE_HAL_DRIVER -DSTM32F401xC -c -I../Core/Inc -I../Drivers/STM32F4xx_HAL_Driver/Inc -I../Drivers/STM32F4xx_HAL_Driver/Inc/Legacy -I../Drivers/CMSIS/Device/ST/STM32F4xx/Include -I../Drivers/CMSIS/Include -O0 -ffunction-sections -fdata-sections -Wall -fstack-usage -fcyclomatic-complexity -MMD -MP -MF"Drivers/STM32F4xx_HAL_Driver/Src/stm32f4xx_hal_rcc_ex.d" -MT"Drivers/STM32F4xx_HAL_Driver/Src/stm32f4xx_hal_rcc_ex.o" --specs=nano.specs -mfpu=fpv4-sp-d16 -mfloat-abi=hard -mthumb -o "Drivers/STM32F4xx_HAL_Driver/Src/stm32f4xx_hal_rcc_ex.o"
arm-none-eabi-gcc "../Drivers/STM32F4xx_HAL_Driver/Src/stm32f4xx_hal_tim.c" -mcpu=cortex-m4 -std=gnu11 -g3 -DDEBUG -DUSE_HAL_DRIVER -DSTM32F401xC -c -I../Core/Inc -I../Drivers/STM32F4xx_HAL_Driver/Inc -I../Drivers/STM32F4xx_HAL_Driver/Inc/Legacy -I../Drivers/CMSIS/Device/ST/STM32F4xx/Include -I../Drivers/CMSIS/Include -O0 -ffunction-sections -fdata-sections -Wall -fstack-usage -fcyclomatic-complexity -MMD -MP -MF"Drivers/STM32F4xx_HAL_Driver/Src/stm32f4xx_hal_tim.d" -MT"Drivers/STM32F4xx_HAL_Driver/Src/stm32f4xx_hal_tim.o" --specs=nano.specs -mfpu=fpv4-sp-d16 -mfloat-abi=hard -mthumb -o "Drivers/STM32F4xx_HAL_Driver/Src/stm32f4xx_hal_tim.o"
arm-none-eabi-gcc "../Drivers/STM32F4xx_HAL_Driver/Src/stm32f4xx_hal_tim_ex.c" -mcpu=cortex-m4 -std=gnu11 -g3 -DDEBUG -DUSE_HAL_DRIVER -DSTM32F401xC -c -I../Core/Inc -I../Drivers/STM32F4xx_HAL_Driver/Inc -I../Drivers/STM32F4xx_HAL_Driver/Inc/Legacy -I../Drivers/CMSIS/Device/ST/STM32F4xx/Include -I../Drivers/CMSIS/Include -O0 -ffunction-sections -fdata-sections -Wall -fstack-usage -fcyclomatic-complexity -MMD -MP -MF"Drivers/STM32F4xx_HAL_Driver/Src/stm32f4xx_hal_tim_ex.d" -MT"Drivers/STM32F4xx_HAL_Driver/Src/stm32f4xx_hal_tim_ex.o" --specs=nano.specs -mfpu=fpv4-sp-d16 -mfloat-abi=hard -mthumb -o "Drivers/STM32F4xx_HAL_Driver/Src/stm32f4xx_hal_tim_ex.o"
arm-none-eabi-gcc -mcpu=cortex-m4 -g3 -DDEBUG -c -x assembler-with-cpp -MMD -MP -MF"Core/Startup/startup_stm32f401ccux.d" -MT"Core/Startup/startup_stm32f401ccux.o" --specs=nano.specs -mfpu=fpv4-sp-d16 -mfloat-abi=hard -mthumb -o "Core/Startup/startup_stm32f401ccux.o" "../Core/Startup/startup_stm32f401ccux.s"
arm-none-eabi-gcc "../Core/Src/main.c" -mcpu=cortex-m4 -std=gnu11 -g3 -DDEBUG -DUSE_HAL_DRIVER -DSTM32F401xC -c -I../Core/Inc -I../Drivers/STM32F4xx_HAL_Driver/Inc -I../Drivers/STM32F4xx_HAL_Driver/Inc/Legacy -I../Drivers/CMSIS/Device/ST/STM32F4xx/Include -I../Drivers/CMSIS/Include -O0 -ffunction-sections -fdata-sections -Wall -fstack-usage -fcyclomatic-complexity -MMD -MP -MF"Core/Src/main.d" -MT"Core/Src/main.o" --specs=nano.specs -mfpu=fpv4-sp-d16 -mfloat-abi=hard -mthumb -o "Core/Src/main.o"
arm-none-eabi-gcc "../Core/Src/stm32f4xx_hal_msp.c" -mcpu=cortex-m4 -std=gnu11 -g3 -DDEBUG -DUSE_HAL_DRIVER -DSTM32F401xC -c -I../Core/Inc -I../Drivers/STM32F4xx_HAL_Driver/Inc -I../Drivers/STM32F4xx_HAL_Driver/Inc/Legacy -I../Drivers/CMSIS/Device/ST/STM32F4xx/Include -I../Drivers/CMSIS/Include -O0 -ffunction-sections -fdata-sections -Wall -fstack-usage -fcyclomatic-complexity -MMD -MP -MF"Core/Src/stm32f4xx_hal_msp.d" -MT"Core/Src/stm32f4xx_hal_msp.o" --specs=nano.specs -mfpu=fpv4-sp-d16 -mfloat-abi=hard -mthumb -o "Core/Src/stm32f4xx_hal_msp.o"
arm-none-eabi-gcc "../Core/Src/stm32f4xx_it.c" -mcpu=cortex-m4 -std=gnu11 -g3 -DDEBUG -DUSE_HAL_DRIVER -DSTM32F401xC -c -I../Core/Inc -I../Drivers/STM32F4xx_HAL_Driver/Inc -I../Drivers/STM32F4xx_HAL_Driver/Inc/Legacy -I../Drivers/CMSIS/Device/ST/STM32F4xx/Include -I../Drivers/CMSIS/Include -O0 -ffunction-sections -fdata-sections -Wall -fstack-usage -fcyclomatic-complexity -MMD -MP -MF"Core/Src/stm32f4xx_it.d" -MT"Core/Src/stm32f4xx_it.o" --specs=nano.specs -mfpu=fpv4-sp-d16 -mfloat-abi=hard -mthumb -o "Core/Src/stm32f4xx_it.o"
arm-none-eabi-gcc "../Core/Src/syscalls.c" -mcpu=cortex-m4 -std=gnu11 -g3 -DDEBUG -DUSE_HAL_DRIVER -DSTM32F401xC -c -I../Core/Inc -I../Drivers/STM32F4xx_HAL_Driver/Inc -I../Drivers/STM32F4xx_HAL_Driver/Inc/Legacy -I../Drivers/CMSIS/Device/ST/STM32F4xx/Include -I../Drivers/CMSIS/Include -O0 -ffunction-sections -fdata-sections -Wall -fstack-usage -fcyclomatic-complexity -MMD -MP -MF"Core/Src/syscalls.d" -MT"Core/Src/syscalls.o" --specs=nano.specs -mfpu=fpv4-sp-d16 -mfloat-abi=hard -mthumb -o "Core/Src/syscalls.o"
arm-none-eabi-gcc "../Core/Src/sysmem.c" -mcpu=cortex-m4 -std=gnu11 -g3 -DDEBUG -DUSE_HAL_DRIVER -DSTM32F401xC -c -I../Core/Inc -I../Drivers/STM32F4xx_HAL_Driver/Inc -I../Drivers/STM32F4xx_HAL_Driver/Inc/Legacy -I../Drivers/CMSIS/Device/ST/STM32F4xx/Include -I../Drivers/CMSIS/Include -O0 -ffunction-sections -fdata-sections -Wall -fstack-usage -fcyclomatic-complexity -MMD -MP -MF"Core/Src/sysmem.d" -MT"Core/Src/sysmem.o" --specs=nano.specs -mfpu=fpv4-sp-d16 -mfloat-abi=hard -mthumb -o "Core/Src/sysmem.o"
arm-none-eabi-gcc "../Core/Src/system_stm32f4xx.c" -mcpu=cortex-m4 -std=gnu11 -g3 -DDEBUG -DUSE_HAL_DRIVER -DSTM32F401xC -c -I../Core/Inc -I../Drivers/STM32F4xx_HAL_Driver/Inc -I../Drivers/STM32F4xx_HAL_Driver/Inc/Legacy -I../Drivers/CMSIS/Device/ST/STM32F4xx/Include -I../Drivers/CMSIS/Include -O0 -ffunction-sections -fdata-sections -Wall -fstack-usage -fcyclomatic-complexity -MMD -MP -MF"Core/Src/system_stm32f4xx.d" -MT"Core/Src/system_stm32f4xx.o" --specs=nano.specs -mfpu=fpv4-sp-d16 -mfloat-abi=hard -mthumb -o "Core/Src/system_stm32f4xx.o"
arm-none-eabi-gcc -o "pwmTest2.elf" @"objects.list"   -mcpu=cortex-m4 -T"C:\WD\CCLAD\pwmTest2\STM32F401CCUX_FLASH.ld" --specs=nosys.specs -Wl,-Map="pwmTest2.map" -Wl,--gc-sections -static --specs=nano.specs -mfpu=fpv4-sp-d16 -mfloat-abi=hard -mthumb -Wl,--start-group -lc -lm -Wl,--end-group
Finished building target: pwmTest2.elf
 
arm-none-eabi-size  pwmTest2.elf 
arm-none-eabi-objdump -h -S pwmTest2.elf  > "pwmTest2.list"
   text	   data	    bss	    dec	    hex	filename
   9380	     20	   1644	  11044	   2b24	pwmTest2.elf
Finished building: default.size.stdout
 
Finished building: pwmTest2.list
 
17:16:27 **** Incremental Build of configuration Debug for project pwmTest2 ****
make -j8 all 
arm-none-eabi-size  pwmTest2.elf 
   text	   data	    bss	    dec	    hex	filename
   9380	     20	   1644	  11044	   2b24	pwmTest2.elf
Finished building: default.size.stdout
 
17:19:34 **** Incremental Build of configuration Debug for project pwmTest2 ****
make -j8 all 
arm-none-eabi-size  pwmTest2.elf 
   text	   data	    bss	    dec	    hex	filename
   9380	     20	   1644	  11044	   2b24	pwmTest2.elf
Finished building: default.size.stdout
 
17:19:42 **** Incremental Build of configuration Debug for project pwmTest2 ****
make -j8 all 
arm-none-eabi-gcc "../Core/Src/main.c" -mcpu=cortex-m4 -std=gnu11 -g3 -DDEBUG -DUSE_HAL_DRIVER -DSTM32F401xC -c -I../Core/Inc -I../Drivers/STM32F4xx_HAL_Driver/Inc -I../Drivers/STM32F4xx_HAL_Driver/Inc/Legacy -I../Drivers/CMSIS/Device/ST/STM32F4xx/Include -I../Drivers/CMSIS/Include -O0 -ffunction-sections -fdata-sections -Wall -fstack-usage -fcyclomatic-complexity -MMD -MP -MF"Core/Src/main.d" -MT"Core/Src/main.o" --specs=nano.specs -mfpu=fpv4-sp-d16 -mfloat-abi=hard -mthumb -o "Core/Src/main.o"
arm-none-eabi-gcc -o "pwmTest2.elf" @"objects.list"   -mcpu=cortex-m4 -T"C:\WD\CCLAD\pwmTest2\STM32F401CCUX_FLASH.ld" --specs=nosys.specs -Wl,-Map="pwmTest2.map" -Wl,--gc-sections -static --specs=nano.specs -mfpu=fpv4-sp-d16 -mfloat-abi=hard -mthumb -Wl,--start-group -lc -lm -Wl,--end-group
Finished building target: pwmTest2.elf
 
arm-none-eabi-size  pwmTest2.elf 
arm-none-eabi-objdump -h -S pwmTest2.elf  > "pwmTest2.list"
   text	   data	    bss	    dec	    hex	filename
   9380	     20	   1644	  11044	   2b24	pwmTest2.elf
Finished building: default.size.stdout
 
Finished building: pwmTest2.list
 
17:20:33 **** Incremental Build of configuration Debug for project pwmTest2 ****
make -j8 all 
arm-none-eabi-gcc "../Core/Src/main.c" -mcpu=cortex-m4 -std=gnu11 -g3 -DDEBUG -DUSE_HAL_DRIVER -DSTM32F401xC -c -I../Core/Inc -I../Drivers/STM32F4xx_HAL_Driver/Inc -I../Drivers/STM32F4xx_HAL_Driver/Inc/Legacy -I../Drivers/CMSIS/Device/ST/STM32F4xx/Include -I../Drivers/CMSIS/Include -O0 -ffunction-sections -fdata-sections -Wall -fstack-usage -fcyclomatic-complexity -MMD -MP -MF"Core/Src/main.d" -MT"Core/Src/main.o" --specs=nano.specs -mfpu=fpv4-sp-d16 -mfloat-abi=hard -mthumb -o "Core/Src/main.o"
arm-none-eabi-gcc -o "pwmTest2.elf" @"objects.list"   -mcpu=cortex-m4 -T"C:\WD\CCLAD\pwmTest2\STM32F401CCUX_FLASH.ld" --specs=nosys.specs -Wl,-Map="pwmTest2.map" -Wl,--gc-sections -static --specs=nano.specs -mfpu=fpv4-sp-d16 -mfloat-abi=hard -mthumb -Wl,--start-group -lc -lm -Wl,--end-group
Finished building target: pwmTest2.elf
 
arm-none-eabi-size  pwmTest2.elf 
arm-none-eabi-objdump -h -S pwmTest2.elf  > "pwmTest2.list"
   text	   data	    bss	    dec	    hex	filename
   9380	     20	   1644	  11044	   2b24	pwmTest2.elf
Finished building: default.size.stdout
 
Finished building: pwmTest2.list
 
17:20:48 **** Incremental Build of configuration Debug for project pwmTest2 ****
make -j8 all 
arm-none-eabi-size  pwmTest2.elf 
   text	   data	    bss	    dec	    hex	filename
   9380	     20	   1644	  11044	   2b24	pwmTest2.elf
Finished building: default.size.stdout
 
17:20:54 **** Incremental Build of configuration Debug for project pwmTest2 ****
make -j8 all 
arm-none-eabi-size  pwmTest2.elf 
   text	   data	    bss	    dec	    hex	filename
   9380	     20	   1644	  11044	   2b24	pwmTest2.elf
Finished building: default.size.stdout
 
17:24:08 **** Incremental Build of configuration Debug for project pwmTest2 ****
make -j8 all 
arm-none-eabi-gcc "../Core/Src/main.c" -mcpu=cortex-m4 -std=gnu11 -g3 -DDEBUG -DUSE_HAL_DRIVER -DSTM32F401xC -c -I../Core/Inc -I../Drivers/STM32F4xx_HAL_Driver/Inc -I../Drivers/STM32F4xx_HAL_Driver/Inc/Legacy -I../Drivers/CMSIS/Device/ST/STM32F4xx/Include -I../Drivers/CMSIS/Include -O0 -ffunction-sections -fdata-sections -Wall -fstack-usage -fcyclomatic-complexity -MMD -MP -MF"Core/Src/main.d" -MT"Core/Src/main.o" --specs=nano.specs -mfpu=fpv4-sp-d16 -mfloat-abi=hard -mthumb -o "Core/Src/main.o"
arm-none-eabi-gcc -o "pwmTest2.elf" @"objects.list"   -mcpu=cortex-m4 -T"C:\WD\CCLAD\pwmTest2\STM32F401CCUX_FLASH.ld" --specs=nosys.specs -Wl,-Map="pwmTest2.map" -Wl,--gc-sections -static --specs=nano.specs -mfpu=fpv4-sp-d16 -mfloat-abi=hard -mthumb -Wl,--start-group -lc -lm -Wl,--end-group
Finished building target: pwmTest2.elf
 
arm-none-eabi-size  pwmTest2.elf 
arm-none-eabi-objdump -h -S pwmTest2.elf  > "pwmTest2.list"
   text	   data	    bss	    dec	    hex	filename
   9380	     20	   1644	  11044	   2b24	pwmTest2.elf
Finished building: default.size.stdout
 
Finished building: pwmTest2.list
 
17:25:43 **** Incremental Build of configuration Debug for project pwmTest2 ****
make -j8 all 
arm-none-eabi-gcc "../Core/Src/main.c" -mcpu=cortex-m4 -std=gnu11 -g3 -DDEBUG -DUSE_HAL_DRIVER -DSTM32F401xC -c -I../Core/Inc -I../Drivers/STM32F4xx_HAL_Driver/Inc -I../Drivers/STM32F4xx_HAL_Driver/Inc/Legacy -I../Drivers/CMSIS/Device/ST/STM32F4xx/Include -I../Drivers/CMSIS/Include -O0 -ffunction-sections -fdata-sections -Wall -fstack-usage -fcyclomatic-complexity -MMD -MP -MF"Core/Src/main.d" -MT"Core/Src/main.o" --specs=nano.specs -mfpu=fpv4-sp-d16 -mfloat-abi=hard -mthumb -o "Core/Src/main.o"
arm-none-eabi-gcc -o "pwmTest2.elf" @"objects.list"   -mcpu=cortex-m4 -T"C:\WD\CCLAD\pwmTest2\STM32F401CCUX_FLASH.ld" --specs=nosys.specs -Wl,-Map="pwmTest2.map" -Wl,--gc-sections -static --specs=nano.specs -mfpu=fpv4-sp-d16 -mfloat-abi=hard -mthumb -Wl,--start-group -lc -lm -Wl,--end-group
Finished building target: pwmTest2.elf
 
arm-none-eabi-size  pwmTest2.elf 
arm-none-eabi-objdump -h -S pwmTest2.elf  > "pwmTest2.list"
   text	   data	    bss	    dec	    hex	filename
   9380	     20	   1644	  11044	   2b24	pwmTest2.elf
Finished building: default.size.stdout
 
Finished building: pwmTest2.list
 
17:40:06 **** Incremental Build of configuration Debug for project pwmTest2 ****
make -j8 all 
arm-none-eabi-gcc "../Core/Src/main.c" -mcpu=cortex-m4 -std=gnu11 -g3 -DDEBUG -DUSE_HAL_DRIVER -DSTM32F401xC -c -I../Core/Inc -I../Drivers/STM32F4xx_HAL_Driver/Inc -I../Drivers/STM32F4xx_HAL_Driver/Inc/Legacy -I../Drivers/CMSIS/Device/ST/STM32F4xx/Include -I../Drivers/CMSIS/Include -O0 -ffunction-sections -fdata-sections -Wall -fstack-usage -fcyclomatic-complexity -MMD -MP -MF"Core/Src/main.d" -MT"Core/Src/main.o" --specs=nano.specs -mfpu=fpv4-sp-d16 -mfloat-abi=hard -mthumb -o "Core/Src/main.o"
arm-none-eabi-gcc -o "pwmTest2.elf" @"objects.list"   -mcpu=cortex-m4 -T"C:\WD\CCLAD\pwmTest2\STM32F401CCUX_FLASH.ld" --specs=nosys.specs -Wl,-Map="pwmTest2.map" -Wl,--gc-sections -static --specs=nano.specs -mfpu=fpv4-sp-d16 -mfloat-abi=hard -mthumb -Wl,--start-group -lc -lm -Wl,--end-group
Finished building target: pwmTest2.elf
 
arm-none-eabi-size  pwmTest2.elf 
arm-none-eabi-objdump -h -S pwmTest2.elf  > "pwmTest2.list"
   text	   data	    bss	    dec	    hex	filename
   9380	     20	   1644	  11044	   2b24	pwmTest2.elf
Finished building: default.size.stdout
 
Finished building: pwmTest2.list
 
17:41:42 **** Incremental Build of configuration Debug for project pwmTest2 ****
make -j8 all 
arm-none-eabi-gcc "../Core/Src/main.c" -mcpu=cortex-m4 -std=gnu11 -g3 -DDEBUG -DUSE_HAL_DRIVER -DSTM32F401xC -c -I../Core/Inc -I../Drivers/STM32F4xx_HAL_Driver/Inc -I../Drivers/STM32F4xx_HAL_Driver/Inc/Legacy -I../Drivers/CMSIS/Device/ST/STM32F4xx/Include -I../Drivers/CMSIS/Include -O0 -ffunction-sections -fdata-sections -Wall -fstack-usage -fcyclomatic-complexity -MMD -MP -MF"Core/Src/main.d" -MT"Core/Src/main.o" --specs=nano.specs -mfpu=fpv4-sp-d16 -mfloat-abi=hard -mthumb -o "Core/Src/main.o"
arm-none-eabi-gcc -o "pwmTest2.elf" @"objects.list"   -mcpu=cortex-m4 -T"C:\WD\CCLAD\pwmTest2\STM32F401CCUX_FLASH.ld" --specs=nosys.specs -Wl,-Map="pwmTest2.map" -Wl,--gc-sections -static --specs=nano.specs -mfpu=fpv4-sp-d16 -mfloat-abi=hard -mthumb -Wl,--start-group -lc -lm -Wl,--end-group
Finished building target: pwmTest2.elf
 
arm-none-eabi-size  pwmTest2.elf 
arm-none-eabi-objdump -h -S pwmTest2.elf  > "pwmTest2.list"
   text	   data	    bss	    dec	    hex	filename
   9380	     20	   1644	  11044	   2b24	pwmTest2.elf
Finished building: default.size.stdout
 
Finished building: pwmTest2.list
 
17:42:51 **** Incremental Build of configuration Debug for project pwmTest2 ****
make -j8 all 
arm-none-eabi-gcc "../Core/Src/main.c" -mcpu=cortex-m4 -std=gnu11 -g3 -DDEBUG -DUSE_HAL_DRIVER -DSTM32F401xC -c -I../Core/Inc -I../Drivers/STM32F4xx_HAL_Driver/Inc -I../Drivers/STM32F4xx_HAL_Driver/Inc/Legacy -I../Drivers/CMSIS/Device/ST/STM32F4xx/Include -I../Drivers/CMSIS/Include -O0 -ffunction-sections -fdata-sections -Wall -fstack-usage -fcyclomatic-complexity -MMD -MP -MF"Core/Src/main.d" -MT"Core/Src/main.o" --specs=nano.specs -mfpu=fpv4-sp-d16 -mfloat-abi=hard -mthumb -o "Core/Src/main.o"
arm-none-eabi-gcc -o "pwmTest2.elf" @"objects.list"   -mcpu=cortex-m4 -T"C:\WD\CCLAD\pwmTest2\STM32F401CCUX_FLASH.ld" --specs=nosys.specs -Wl,-Map="pwmTest2.map" -Wl,--gc-sections -static --specs=nano.specs -mfpu=fpv4-sp-d16 -mfloat-abi=hard -mthumb -Wl,--start-group -lc -lm -Wl,--end-group
Finished building target: pwmTest2.elf
 
arm-none-eabi-size  pwmTest2.elf 
arm-none-eabi-objdump -h -S pwmTest2.elf  > "pwmTest2.list"
   text	   data	    bss	    dec	    hex	filename
   9380	     20	   1644	  11044	   2b24	pwmTest2.elf
Finished building: default.size.stdout
 
Finished building: pwmTest2.list
 
16:29:51 **** Incremental Build of configuration Debug for project pwmTest2 ****
make -j8 all 
arm-none-eabi-gcc "../Core/Src/main.c" -mcpu=cortex-m4 -std=gnu11 -g3 -DDEBUG -DUSE_HAL_DRIVER -DSTM32F401xC -c -I../Core/Inc -I../Drivers/STM32F4xx_HAL_Driver/Inc -I../Drivers/STM32F4xx_HAL_Driver/Inc/Legacy -I../Drivers/CMSIS/Device/ST/STM32F4xx/Include -I../Drivers/CMSIS/Include -O0 -ffunction-sections -fdata-sections -Wall -fstack-usage -fcyclomatic-complexity -MMD -MP -MF"Core/Src/main.d" -MT"Core/Src/main.o" --specs=nano.specs -mfpu=fpv4-sp-d16 -mfloat-abi=hard -mthumb -o "Core/Src/main.o"
arm-none-eabi-gcc "../Core/Src/stm32f4xx_hal_msp.c" -mcpu=cortex-m4 -std=gnu11 -g3 -DDEBUG -DUSE_HAL_DRIVER -DSTM32F401xC -c -I../Core/Inc -I../Drivers/STM32F4xx_HAL_Driver/Inc -I../Drivers/STM32F4xx_HAL_Driver/Inc/Legacy -I../Drivers/CMSIS/Device/ST/STM32F4xx/Include -I../Drivers/CMSIS/Include -O0 -ffunction-sections -fdata-sections -Wall -fstack-usage -fcyclomatic-complexity -MMD -MP -MF"Core/Src/stm32f4xx_hal_msp.d" -MT"Core/Src/stm32f4xx_hal_msp.o" --specs=nano.specs -mfpu=fpv4-sp-d16 -mfloat-abi=hard -mthumb -o "Core/Src/stm32f4xx_hal_msp.o"
arm-none-eabi-gcc "../Core/Src/stm32f4xx_it.c" -mcpu=cortex-m4 -std=gnu11 -g3 -DDEBUG -DUSE_HAL_DRIVER -DSTM32F401xC -c -I../Core/Inc -I../Drivers/STM32F4xx_HAL_Driver/Inc -I../Drivers/STM32F4xx_HAL_Driver/Inc/Legacy -I../Drivers/CMSIS/Device/ST/STM32F4xx/Include -I../Drivers/CMSIS/Include -O0 -ffunction-sections -fdata-sections -Wall -fstack-usage -fcyclomatic-complexity -MMD -MP -MF"Core/Src/stm32f4xx_it.d" -MT"Core/Src/stm32f4xx_it.o" --specs=nano.specs -mfpu=fpv4-sp-d16 -mfloat-abi=hard -mthumb -o "Core/Src/stm32f4xx_it.o"
arm-none-eabi-gcc -o "pwmTest2.elf" @"objects.list"   -mcpu=cortex-m4 -T"C:\WD\CCLAD\pwmTest2\STM32F401CCUX_FLASH.ld" --specs=nosys.specs -Wl,-Map="pwmTest2.map" -Wl,--gc-sections -static --specs=nano.specs -mfpu=fpv4-sp-d16 -mfloat-abi=hard -mthumb -Wl,--start-group -lc -lm -Wl,--end-group
Finished building target: pwmTest2.elf
 
arm-none-eabi-size  pwmTest2.elf 
arm-none-eabi-objdump -h -S pwmTest2.elf  > "pwmTest2.list"
   text	   data	    bss	    dec	    hex	filename
   9512	     20	   1644	  11176	   2ba8	pwmTest2.elf
Finished building: default.size.stdout
 
Finished building: pwmTest2.list
 
16:31:24 **** Incremental Build of configuration Debug for project pwmTest2 ****
make -j8 all 
arm-none-eabi-gcc "../Core/Src/main.c" -mcpu=cortex-m4 -std=gnu11 -g3 -DDEBUG -DUSE_HAL_DRIVER -DSTM32F401xC -c -I../Core/Inc -I../Drivers/STM32F4xx_HAL_Driver/Inc -I../Drivers/STM32F4xx_HAL_Driver/Inc/Legacy -I../Drivers/CMSIS/Device/ST/STM32F4xx/Include -I../Drivers/CMSIS/Include -O0 -ffunction-sections -fdata-sections -Wall -fstack-usage -fcyclomatic-complexity -MMD -MP -MF"Core/Src/main.d" -MT"Core/Src/main.o" --specs=nano.specs -mfpu=fpv4-sp-d16 -mfloat-abi=hard -mthumb -o "Core/Src/main.o"
arm-none-eabi-gcc -o "pwmTest2.elf" @"objects.list"   -mcpu=cortex-m4 -T"C:\WD\CCLAD\pwmTest2\STM32F401CCUX_FLASH.ld" --specs=nosys.specs -Wl,-Map="pwmTest2.map" -Wl,--gc-sections -static --specs=nano.specs -mfpu=fpv4-sp-d16 -mfloat-abi=hard -mthumb -Wl,--start-group -lc -lm -Wl,--end-group
Finished building target: pwmTest2.elf
 
arm-none-eabi-size  pwmTest2.elf 
arm-none-eabi-objdump -h -S pwmTest2.elf  > "pwmTest2.list"
   text	   data	    bss	    dec	    hex	filename
   9512	     20	   1644	  11176	   2ba8	pwmTest2.elf
Finished building: default.size.stdout
 
Finished building: pwmTest2.list
 
16:32:24 **** Incremental Build of configuration Debug for project pwmTest2 ****
make -j8 all 
arm-none-eabi-gcc "../Core/Src/main.c" -mcpu=cortex-m4 -std=gnu11 -g3 -DDEBUG -DUSE_HAL_DRIVER -DSTM32F401xC -c -I../Core/Inc -I../Drivers/STM32F4xx_HAL_Driver/Inc -I../Drivers/STM32F4xx_HAL_Driver/Inc/Legacy -I../Drivers/CMSIS/Device/ST/STM32F4xx/Include -I../Drivers/CMSIS/Include -O0 -ffunction-sections -fdata-sections -Wall -fstack-usage -fcyclomatic-complexity -MMD -MP -MF"Core/Src/main.d" -MT"Core/Src/main.o" --specs=nano.specs -mfpu=fpv4-sp-d16 -mfloat-abi=hard -mthumb -o "Core/Src/main.o"
arm-none-eabi-gcc -o "pwmTest2.elf" @"objects.list"   -mcpu=cortex-m4 -T"C:\WD\CCLAD\pwmTest2\STM32F401CCUX_FLASH.ld" --specs=nosys.specs -Wl,-Map="pwmTest2.map" -Wl,--gc-sections -static --specs=nano.specs -mfpu=fpv4-sp-d16 -mfloat-abi=hard -mthumb -Wl,--start-group -lc -lm -Wl,--end-group
Finished building target: pwmTest2.elf
 
arm-none-eabi-size  pwmTest2.elf 
arm-none-eabi-objdump -h -S pwmTest2.elf  > "pwmTest2.list"
   text	   data	    bss	    dec	    hex	filename
   9512	     20	   1644	  11176	   2ba8	pwmTest2.elf
Finished building: default.size.stdout
 
Finished building: pwmTest2.list
 
16:33:10 **** Incremental Build of configuration Debug for project pwmTest2 ****
make -j8 all 
arm-none-eabi-gcc "../Core/Src/main.c" -mcpu=cortex-m4 -std=gnu11 -g3 -DDEBUG -DUSE_HAL_DRIVER -DSTM32F401xC -c -I../Core/Inc -I../Drivers/STM32F4xx_HAL_Driver/Inc -I../Drivers/STM32F4xx_HAL_Driver/Inc/Legacy -I../Drivers/CMSIS/Device/ST/STM32F4xx/Include -I../Drivers/CMSIS/Include -O0 -ffunction-sections -fdata-sections -Wall -fstack-usage -fcyclomatic-complexity -MMD -MP -MF"Core/Src/main.d" -MT"Core/Src/main.o" --specs=nano.specs -mfpu=fpv4-sp-d16 -mfloat-abi=hard -mthumb -o "Core/Src/main.o"
arm-none-eabi-gcc -o "pwmTest2.elf" @"objects.list"   -mcpu=cortex-m4 -T"C:\WD\CCLAD\pwmTest2\STM32F401CCUX_FLASH.ld" --specs=nosys.specs -Wl,-Map="pwmTest2.map" -Wl,--gc-sections -static --specs=nano.specs -mfpu=fpv4-sp-d16 -mfloat-abi=hard -mthumb -Wl,--start-group -lc -lm -Wl,--end-group
Finished building target: pwmTest2.elf
 
arm-none-eabi-size  pwmTest2.elf 
arm-none-eabi-objdump -h -S pwmTest2.elf  > "pwmTest2.list"
   text	   data	    bss	    dec	    hex	filename
   9508	     20	   1644	  11172	   2ba4	pwmTest2.elf
Finished building: default.size.stdout
 
Finished building: pwmTest2.list
 
16:33:33 **** Incremental Build of configuration Debug for project pwmTest2 ****
make -j8 all 
arm-none-eabi-size  pwmTest2.elf 
   text	   data	    bss	    dec	    hex	filename
   9508	     20	   1644	  11172	   2ba4	pwmTest2.elf
Finished building: default.size.stdout
 
16:34:06 **** Incremental Build of configuration Debug for project pwmTest2 ****
make -j8 all 
arm-none-eabi-gcc "../Core/Src/main.c" -mcpu=cortex-m4 -std=gnu11 -g3 -DDEBUG -DUSE_HAL_DRIVER -DSTM32F401xC -c -I../Core/Inc -I../Drivers/STM32F4xx_HAL_Driver/Inc -I../Drivers/STM32F4xx_HAL_Driver/Inc/Legacy -I../Drivers/CMSIS/Device/ST/STM32F4xx/Include -I../Drivers/CMSIS/Include -O0 -ffunction-sections -fdata-sections -Wall -fstack-usage -fcyclomatic-complexity -MMD -MP -MF"Core/Src/main.d" -MT"Core/Src/main.o" --specs=nano.specs -mfpu=fpv4-sp-d16 -mfloat-abi=hard -mthumb -o "Core/Src/main.o"
arm-none-eabi-gcc -o "pwmTest2.elf" @"objects.list"   -mcpu=cortex-m4 -T"C:\WD\CCLAD\pwmTest2\STM32F401CCUX_FLASH.ld" --specs=nosys.specs -Wl,-Map="pwmTest2.map" -Wl,--gc-sections -static --specs=nano.specs -mfpu=fpv4-sp-d16 -mfloat-abi=hard -mthumb -Wl,--start-group -lc -lm -Wl,--end-group
Finished building target: pwmTest2.elf
 
arm-none-eabi-size  pwmTest2.elf 
arm-none-eabi-objdump -h -S pwmTest2.elf  > "pwmTest2.list"
   text	   data	    bss	    dec	    hex	filename
   9512	     20	   1644	  11176	   2ba8	pwmTest2.elf
Finished building: default.size.stdout
 
Finished building: pwmTest2.list
 
16:34:44 **** Incremental Build of configuration Debug for project pwmTest2 ****
make -j8 all 
arm-none-eabi-gcc "../Core/Src/main.c" -mcpu=cortex-m4 -std=gnu11 -g3 -DDEBUG -DUSE_HAL_DRIVER -DSTM32F401xC -c -I../Core/Inc -I../Drivers/STM32F4xx_HAL_Driver/Inc -I../Drivers/STM32F4xx_HAL_Driver/Inc/Legacy -I../Drivers/CMSIS/Device/ST/STM32F4xx/Include -I../Drivers/CMSIS/Include -O0 -ffunction-sections -fdata-sections -Wall -fstack-usage -fcyclomatic-complexity -MMD -MP -MF"Core/Src/main.d" -MT"Core/Src/main.o" --specs=nano.specs -mfpu=fpv4-sp-d16 -mfloat-abi=hard -mthumb -o "Core/Src/main.o"
arm-none-eabi-gcc -o "pwmTest2.elf" @"objects.list"   -mcpu=cortex-m4 -T"C:\WD\CCLAD\pwmTest2\STM32F401CCUX_FLASH.ld" --specs=nosys.specs -Wl,-Map="pwmTest2.map" -Wl,--gc-sections -static --specs=nano.specs -mfpu=fpv4-sp-d16 -mfloat-abi=hard -mthumb -Wl,--start-group -lc -lm -Wl,--end-group
Finished building target: pwmTest2.elf
 
arm-none-eabi-size  pwmTest2.elf 
arm-none-eabi-objdump -h -S pwmTest2.elf  > "pwmTest2.list"
   text	   data	    bss	    dec	    hex	filename
   9512	     20	   1644	  11176	   2ba8	pwmTest2.elf
Finished building: default.size.stdout
 
Finished building: pwmTest2.list
 
16:37:33 **** Incremental Build of configuration Debug for project pwmTest2 ****
make -j8 all 
arm-none-eabi-gcc "../Core/Src/main.c" -mcpu=cortex-m4 -std=gnu11 -g3 -DDEBUG -DUSE_HAL_DRIVER -DSTM32F401xC -c -I../Core/Inc -I../Drivers/STM32F4xx_HAL_Driver/Inc -I../Drivers/STM32F4xx_HAL_Driver/Inc/Legacy -I../Drivers/CMSIS/Device/ST/STM32F4xx/Include -I../Drivers/CMSIS/Include -O0 -ffunction-sections -fdata-sections -Wall -fstack-usage -fcyclomatic-complexity -MMD -MP -MF"Core/Src/main.d" -MT"Core/Src/main.o" --specs=nano.specs -mfpu=fpv4-sp-d16 -mfloat-abi=hard -mthumb -o "Core/Src/main.o"
arm-none-eabi-gcc -o "pwmTest2.elf" @"objects.list"   -mcpu=cortex-m4 -T"C:\WD\CCLAD\pwmTest2\STM32F401CCUX_FLASH.ld" --specs=nosys.specs -Wl,-Map="pwmTest2.map" -Wl,--gc-sections -static --specs=nano.specs -mfpu=fpv4-sp-d16 -mfloat-abi=hard -mthumb -Wl,--start-group -lc -lm -Wl,--end-group
Finished building target: pwmTest2.elf
 
arm-none-eabi-size  pwmTest2.elf 
arm-none-eabi-objdump -h -S pwmTest2.elf  > "pwmTest2.list"
   text	   data	    bss	    dec	    hex	filename
   9532	     20	   1644	  11196	   2bbc	pwmTest2.elf
Finished building: default.size.stdout
 
Finished building: pwmTest2.list
 
16:38:59 **** Incremental Build of configuration Debug for project pwmTest2 ****
make -j8 all 
arm-none-eabi-size  pwmTest2.elf 
   text	   data	    bss	    dec	    hex	filename
   9532	     20	   1644	  11196	   2bbc	pwmTest2.elf
Finished building: default.size.stdout
 
16:39:12 **** Incremental Build of configuration Debug for project pwmTest2 ****
make -j8 all 
arm-none-eabi-size  pwmTest2.elf 
   text	   data	    bss	    dec	    hex	filename
   9532	     20	   1644	  11196	   2bbc	pwmTest2.elf
Finished building: default.size.stdout
 
16:39:18 **** Incremental Build of configuration Debug for project pwmTest2 ****
make -j8 all 
arm-none-eabi-size  pwmTest2.elf 
   text	   data	    bss	    dec	    hex	filename
   9532	     20	   1644	  11196	   2bbc	pwmTest2.elf
Finished building: default.size.stdout
 
16:41:26 **** Incremental Build of configuration Debug for project pwmTest2 ****
make -j8 all 
arm-none-eabi-gcc "../Core/Src/main.c" -mcpu=cortex-m4 -std=gnu11 -g3 -DDEBUG -DUSE_HAL_DRIVER -DSTM32F401xC -c -I../Core/Inc -I../Drivers/STM32F4xx_HAL_Driver/Inc -I../Drivers/STM32F4xx_HAL_Driver/Inc/Legacy -I../Drivers/CMSIS/Device/ST/STM32F4xx/Include -I../Drivers/CMSIS/Include -O0 -ffunction-sections -fdata-sections -Wall -fstack-usage -fcyclomatic-complexity -MMD -MP -MF"Core/Src/main.d" -MT"Core/Src/main.o" --specs=nano.specs -mfpu=fpv4-sp-d16 -mfloat-abi=hard -mthumb -o "Core/Src/main.o"
arm-none-eabi-gcc -o "pwmTest2.elf" @"objects.list"   -mcpu=cortex-m4 -T"C:\WD\CCLAD\pwmTest2\STM32F401CCUX_FLASH.ld" --specs=nosys.specs -Wl,-Map="pwmTest2.map" -Wl,--gc-sections -static --specs=nano.specs -mfpu=fpv4-sp-d16 -mfloat-abi=hard -mthumb -Wl,--start-group -lc -lm -Wl,--end-group
Finished building target: pwmTest2.elf
 
arm-none-eabi-size  pwmTest2.elf 
arm-none-eabi-objdump -h -S pwmTest2.elf  > "pwmTest2.list"
   text	   data	    bss	    dec	    hex	filename
   9540	     20	   1644	  11204	   2bc4	pwmTest2.elf
Finished building: default.size.stdout
 
Finished building: pwmTest2.list
 
16:41:59 **** Incremental Build of configuration Debug for project pwmTest2 ****
make -j8 all 
arm-none-eabi-size  pwmTest2.elf 
   text	   data	    bss	    dec	    hex	filename
   9540	     20	   1644	  11204	   2bc4	pwmTest2.elf
Finished building: default.size.stdout
 
16:43:14 **** Incremental Build of configuration Debug for project pwmTest2 ****
make -j8 all 
arm-none-eabi-gcc "../Core/Src/main.c" -mcpu=cortex-m4 -std=gnu11 -g3 -DDEBUG -DUSE_HAL_DRIVER -DSTM32F401xC -c -I../Core/Inc -I../Drivers/STM32F4xx_HAL_Driver/Inc -I../Drivers/STM32F4xx_HAL_Driver/Inc/Legacy -I../Drivers/CMSIS/Device/ST/STM32F4xx/Include -I../Drivers/CMSIS/Include -O0 -ffunction-sections -fdata-sections -Wall -fstack-usage -fcyclomatic-complexity -MMD -MP -MF"Core/Src/main.d" -MT"Core/Src/main.o" --specs=nano.specs -mfpu=fpv4-sp-d16 -mfloat-abi=hard -mthumb -o "Core/Src/main.o"
arm-none-eabi-gcc -o "pwmTest2.elf" @"objects.list"   -mcpu=cortex-m4 -T"C:\WD\CCLAD\pwmTest2\STM32F401CCUX_FLASH.ld" --specs=nosys.specs -Wl,-Map="pwmTest2.map" -Wl,--gc-sections -static --specs=nano.specs -mfpu=fpv4-sp-d16 -mfloat-abi=hard -mthumb -Wl,--start-group -lc -lm -Wl,--end-group
Finished building target: pwmTest2.elf
 
arm-none-eabi-size  pwmTest2.elf 
arm-none-eabi-objdump -h -S pwmTest2.elf  > "pwmTest2.list"
   text	   data	    bss	    dec	    hex	filename
   9540	     20	   1644	  11204	   2bc4	pwmTest2.elf
Finished building: default.size.stdout
 
Finished building: pwmTest2.list
 
16:47:23 **** Incremental Build of configuration Debug for project pwmTest2 ****
make -j8 all 
arm-none-eabi-size  pwmTest2.elf 
   text	   data	    bss	    dec	    hex	filename
   9540	     20	   1644	  11204	   2bc4	pwmTest2.elf
Finished building: default.size.stdout
 
16:49:49 **** Incremental Build of configuration Debug for project pwmTest2 ****
make -j8 all 
arm-none-eabi-gcc "../Core/Src/main.c" -mcpu=cortex-m4 -std=gnu11 -g3 -DDEBUG -DUSE_HAL_DRIVER -DSTM32F401xC -c -I../Core/Inc -I../Drivers/STM32F4xx_HAL_Driver/Inc -I../Drivers/STM32F4xx_HAL_Driver/Inc/Legacy -I../Drivers/CMSIS/Device/ST/STM32F4xx/Include -I../Drivers/CMSIS/Include -O0 -ffunction-sections -fdata-sections -Wall -fstack-usage -fcyclomatic-complexity -MMD -MP -MF"Core/Src/main.d" -MT"Core/Src/main.o" --specs=nano.specs -mfpu=fpv4-sp-d16 -mfloat-abi=hard -mthumb -o "Core/Src/main.o"
arm-none-eabi-gcc -o "pwmTest2.elf" @"objects.list"   -mcpu=cortex-m4 -T"C:\WD\CCLAD\pwmTest2\STM32F401CCUX_FLASH.ld" --specs=nosys.specs -Wl,-Map="pwmTest2.map" -Wl,--gc-sections -static --specs=nano.specs -mfpu=fpv4-sp-d16 -mfloat-abi=hard -mthumb -Wl,--start-group -lc -lm -Wl,--end-group
Finished building target: pwmTest2.elf
 
arm-none-eabi-size  pwmTest2.elf 
arm-none-eabi-objdump -h -S pwmTest2.elf  > "pwmTest2.list"
   text	   data	    bss	    dec	    hex	filename
   9540	     20	   1644	  11204	   2bc4	pwmTest2.elf
Finished building: default.size.stdout
 
Finished building: pwmTest2.list
 
16:50:55 **** Incremental Build of configuration Debug for project pwmTest2 ****
make -j8 all 
arm-none-eabi-gcc "../Core/Src/main.c" -mcpu=cortex-m4 -std=gnu11 -g3 -DDEBUG -DUSE_HAL_DRIVER -DSTM32F401xC -c -I../Core/Inc -I../Drivers/STM32F4xx_HAL_Driver/Inc -I../Drivers/STM32F4xx_HAL_Driver/Inc/Legacy -I../Drivers/CMSIS/Device/ST/STM32F4xx/Include -I../Drivers/CMSIS/Include -O0 -ffunction-sections -fdata-sections -Wall -fstack-usage -fcyclomatic-complexity -MMD -MP -MF"Core/Src/main.d" -MT"Core/Src/main.o" --specs=nano.specs -mfpu=fpv4-sp-d16 -mfloat-abi=hard -mthumb -o "Core/Src/main.o"
arm-none-eabi-gcc -o "pwmTest2.elf" @"objects.list"   -mcpu=cortex-m4 -T"C:\WD\CCLAD\pwmTest2\STM32F401CCUX_FLASH.ld" --specs=nosys.specs -Wl,-Map="pwmTest2.map" -Wl,--gc-sections -static --specs=nano.specs -mfpu=fpv4-sp-d16 -mfloat-abi=hard -mthumb -Wl,--start-group -lc -lm -Wl,--end-group
Finished building target: pwmTest2.elf
 
arm-none-eabi-size  pwmTest2.elf 
arm-none-eabi-objdump -h -S pwmTest2.elf  > "pwmTest2.list"
   text	   data	    bss	    dec	    hex	filename
   9540	     20	   1644	  11204	   2bc4	pwmTest2.elf
Finished building: default.size.stdout
 
Finished building: pwmTest2.list
 
16:51:37 **** Incremental Build of configuration Debug for project pwmTest2 ****
make -j8 all 
arm-none-eabi-size  pwmTest2.elf 
   text	   data	    bss	    dec	    hex	filename
   9540	     20	   1644	  11204	   2bc4	pwmTest2.elf
Finished building: default.size.stdout
 
16:51:42 **** Incremental Build of configuration Debug for project pwmTest2 ****
make -j8 all 
arm-none-eabi-size  pwmTest2.elf 
   text	   data	    bss	    dec	    hex	filename
   9540	     20	   1644	  11204	   2bc4	pwmTest2.elf
Finished building: default.size.stdout
 
17:00:47 **** Incremental Build of configuration Debug for project pwmTest2 ****
make -j8 all 
arm-none-eabi-gcc "../Core/Src/main.c" -mcpu=cortex-m4 -std=gnu11 -g3 -DDEBUG -DUSE_HAL_DRIVER -DSTM32F401xC -c -I../Core/Inc -I../Drivers/STM32F4xx_HAL_Driver/Inc -I../Drivers/STM32F4xx_HAL_Driver/Inc/Legacy -I../Drivers/CMSIS/Device/ST/STM32F4xx/Include -I../Drivers/CMSIS/Include -O0 -ffunction-sections -fdata-sections -Wall -fstack-usage -fcyclomatic-complexity -MMD -MP -MF"Core/Src/main.d" -MT"Core/Src/main.o" --specs=nano.specs -mfpu=fpv4-sp-d16 -mfloat-abi=hard -mthumb -o "Core/Src/main.o"
arm-none-eabi-gcc -o "pwmTest2.elf" @"objects.list"   -mcpu=cortex-m4 -T"C:\WD\CCLAD\pwmTest2\STM32F401CCUX_FLASH.ld" --specs=nosys.specs -Wl,-Map="pwmTest2.map" -Wl,--gc-sections -static --specs=nano.specs -mfpu=fpv4-sp-d16 -mfloat-abi=hard -mthumb -Wl,--start-group -lc -lm -Wl,--end-group
Finished building target: pwmTest2.elf
 
arm-none-eabi-size  pwmTest2.elf 
arm-none-eabi-objdump -h -S pwmTest2.elf  > "pwmTest2.list"
   text	   data	    bss	    dec	    hex	filename
   9564	     20	   1644	  11228	   2bdc	pwmTest2.elf
Finished building: default.size.stdout
 
Finished building: pwmTest2.list
 
17:02:03 **** Incremental Build of configuration Debug for project pwmTest2 ****
make -j8 all 
arm-none-eabi-gcc "../Core/Src/main.c" -mcpu=cortex-m4 -std=gnu11 -g3 -DDEBUG -DUSE_HAL_DRIVER -DSTM32F401xC -c -I../Core/Inc -I../Drivers/STM32F4xx_HAL_Driver/Inc -I../Drivers/STM32F4xx_HAL_Driver/Inc/Legacy -I../Drivers/CMSIS/Device/ST/STM32F4xx/Include -I../Drivers/CMSIS/Include -O0 -ffunction-sections -fdata-sections -Wall -fstack-usage -fcyclomatic-complexity -MMD -MP -MF"Core/Src/main.d" -MT"Core/Src/main.o" --specs=nano.specs -mfpu=fpv4-sp-d16 -mfloat-abi=hard -mthumb -o "Core/Src/main.o"
arm-none-eabi-gcc -o "pwmTest2.elf" @"objects.list"   -mcpu=cortex-m4 -T"C:\WD\CCLAD\pwmTest2\STM32F401CCUX_FLASH.ld" --specs=nosys.specs -Wl,-Map="pwmTest2.map" -Wl,--gc-sections -static --specs=nano.specs -mfpu=fpv4-sp-d16 -mfloat-abi=hard -mthumb -Wl,--start-group -lc -lm -Wl,--end-group
Finished building target: pwmTest2.elf
 
arm-none-eabi-size  pwmTest2.elf 
arm-none-eabi-objdump -h -S pwmTest2.elf  > "pwmTest2.list"
   text	   data	    bss	    dec	    hex	filename
   9568	     20	   1644	  11232	   2be0	pwmTest2.elf
Finished building: default.size.stdout
 
Finished building: pwmTest2.list
 
17:02:41 **** Incremental Build of configuration Debug for project pwmTest2 ****
make -j8 all 
arm-none-eabi-size  pwmTest2.elf 
   text	   data	    bss	    dec	    hex	filename
   9568	     20	   1644	  11232	   2be0	pwmTest2.elf
Finished building: default.size.stdout
 
17:05:28 **** Incremental Build of configuration Debug for project pwmTest2 ****
make -j8 all 
arm-none-eabi-gcc "../Core/Src/main.c" -mcpu=cortex-m4 -std=gnu11 -g3 -DDEBUG -DUSE_HAL_DRIVER -DSTM32F401xC -c -I../Core/Inc -I../Drivers/STM32F4xx_HAL_Driver/Inc -I../Drivers/STM32F4xx_HAL_Driver/Inc/Legacy -I../Drivers/CMSIS/Device/ST/STM32F4xx/Include -I../Drivers/CMSIS/Include -O0 -ffunction-sections -fdata-sections -Wall -fstack-usage -fcyclomatic-complexity -MMD -MP -MF"Core/Src/main.d" -MT"Core/Src/main.o" --specs=nano.specs -mfpu=fpv4-sp-d16 -mfloat-abi=hard -mthumb -o "Core/Src/main.o"
arm-none-eabi-gcc -o "pwmTest2.elf" @"objects.list"   -mcpu=cortex-m4 -T"C:\WD\CCLAD\pwmTest2\STM32F401CCUX_FLASH.ld" --specs=nosys.specs -Wl,-Map="pwmTest2.map" -Wl,--gc-sections -static --specs=nano.specs -mfpu=fpv4-sp-d16 -mfloat-abi=hard -mthumb -Wl,--start-group -lc -lm -Wl,--end-group
Finished building target: pwmTest2.elf
 
arm-none-eabi-size  pwmTest2.elf 
arm-none-eabi-objdump -h -S pwmTest2.elf  > "pwmTest2.list"
   text	   data	    bss	    dec	    hex	filename
   9576	     20	   1644	  11240	   2be8	pwmTest2.elf
Finished building: default.size.stdout
 
Finished building: pwmTest2.list
 
17:07:31 **** Incremental Build of configuration Debug for project pwmTest2 ****
make -j8 all 
arm-none-eabi-gcc "../Core/Src/main.c" -mcpu=cortex-m4 -std=gnu11 -g3 -DDEBUG -DUSE_HAL_DRIVER -DSTM32F401xC -c -I../Core/Inc -I../Drivers/STM32F4xx_HAL_Driver/Inc -I../Drivers/STM32F4xx_HAL_Driver/Inc/Legacy -I../Drivers/CMSIS/Device/ST/STM32F4xx/Include -I../Drivers/CMSIS/Include -O0 -ffunction-sections -fdata-sections -Wall -fstack-usage -fcyclomatic-complexity -MMD -MP -MF"Core/Src/main.d" -MT"Core/Src/main.o" --specs=nano.specs -mfpu=fpv4-sp-d16 -mfloat-abi=hard -mthumb -o "Core/Src/main.o"
../Core/Src/main.c: In function 'main':
../Core/Src/main.c:96:14: warning: unused variable 'flag' [-Wunused-variable]
   96 |   int i = 0, flag = 1;
      |              ^~~~
../Core/Src/main.c:96:7: warning: unused variable 'i' [-Wunused-variable]
   96 |   int i = 0, flag = 1;
      |       ^
arm-none-eabi-gcc -o "pwmTest2.elf" @"objects.list"   -mcpu=cortex-m4 -T"C:\WD\CCLAD\pwmTest2\STM32F401CCUX_FLASH.ld" --specs=nosys.specs -Wl,-Map="pwmTest2.map" -Wl,--gc-sections -static --specs=nano.specs -mfpu=fpv4-sp-d16 -mfloat-abi=hard -mthumb -Wl,--start-group -lc -lm -Wl,--end-group
Finished building target: pwmTest2.elf
 
arm-none-eabi-size  pwmTest2.elf 
arm-none-eabi-objdump -h -S pwmTest2.elf  > "pwmTest2.list"
   text	   data	    bss	    dec	    hex	filename
   9520	     20	   1644	  11184	   2bb0	pwmTest2.elf
Finished building: default.size.stdout
 
Finished building: pwmTest2.list
 
17:08:21 **** Incremental Build of configuration Debug for project pwmTest2 ****
make -j8 all 
arm-none-eabi-gcc "../Core/Src/main.c" -mcpu=cortex-m4 -std=gnu11 -g3 -DDEBUG -DUSE_HAL_DRIVER -DSTM32F401xC -c -I../Core/Inc -I../Drivers/STM32F4xx_HAL_Driver/Inc -I../Drivers/STM32F4xx_HAL_Driver/Inc/Legacy -I../Drivers/CMSIS/Device/ST/STM32F4xx/Include -I../Drivers/CMSIS/Include -O0 -ffunction-sections -fdata-sections -Wall -fstack-usage -fcyclomatic-complexity -MMD -MP -MF"Core/Src/main.d" -MT"Core/Src/main.o" --specs=nano.specs -mfpu=fpv4-sp-d16 -mfloat-abi=hard -mthumb -o "Core/Src/main.o"
../Core/Src/main.c: In function 'main':
../Core/Src/main.c:94:20: error: expected ';' before 'HAL_GPIO_WritePin'
   94 |   TIM1->CCR1 = 3500
      |                    ^
      |                    ;
   95 |   HAL_GPIO_WritePin(GPIOA,pin1_Pin,0);
      |   ~~~~~~~~~~~~~~~~~ 
../Core/Src/main.c:97:14: warning: unused variable 'flag' [-Wunused-variable]
   97 |   int i = 0, flag = 1;
      |              ^~~~
../Core/Src/main.c:97:7: warning: unused variable 'i' [-Wunused-variable]
   97 |   int i = 0, flag = 1;
      |       ^
make: *** [Core/Src/subdir.mk:34: Core/Src/main.o] Error 1
"make -j8 all" terminated with exit code 2. Build might be incomplete.
17:08:38 **** Incremental Build of configuration Debug for project pwmTest2 ****
make -j8 all 
arm-none-eabi-gcc "../Core/Src/main.c" -mcpu=cortex-m4 -std=gnu11 -g3 -DDEBUG -DUSE_HAL_DRIVER -DSTM32F401xC -c -I../Core/Inc -I../Drivers/STM32F4xx_HAL_Driver/Inc -I../Drivers/STM32F4xx_HAL_Driver/Inc/Legacy -I../Drivers/CMSIS/Device/ST/STM32F4xx/Include -I../Drivers/CMSIS/Include -O0 -ffunction-sections -fdata-sections -Wall -fstack-usage -fcyclomatic-complexity -MMD -MP -MF"Core/Src/main.d" -MT"Core/Src/main.o" --specs=nano.specs -mfpu=fpv4-sp-d16 -mfloat-abi=hard -mthumb -o "Core/Src/main.o"
../Core/Src/main.c: In function 'main':
../Core/Src/main.c:97:14: warning: unused variable 'flag' [-Wunused-variable]
   97 |   int i = 0, flag = 1;
      |              ^~~~
../Core/Src/main.c:97:7: warning: unused variable 'i' [-Wunused-variable]
   97 |   int i = 0, flag = 1;
      |       ^
arm-none-eabi-gcc -o "pwmTest2.elf" @"objects.list"   -mcpu=cortex-m4 -T"C:\WD\CCLAD\pwmTest2\STM32F401CCUX_FLASH.ld" --specs=nosys.specs -Wl,-Map="pwmTest2.map" -Wl,--gc-sections -static --specs=nano.specs -mfpu=fpv4-sp-d16 -mfloat-abi=hard -mthumb -Wl,--start-group -lc -lm -Wl,--end-group
Finished building target: pwmTest2.elf
 
arm-none-eabi-size  pwmTest2.elf 
arm-none-eabi-objdump -h -S pwmTest2.elf  > "pwmTest2.list"
   text	   data	    bss	    dec	    hex	filename
   9528	     20	   1644	  11192	   2bb8	pwmTest2.elf
Finished building: default.size.stdout
 
Finished building: pwmTest2.list
 
17:09:48 **** Incremental Build of configuration Debug for project pwmTest2 ****
make -j8 all 
arm-none-eabi-gcc "../Core/Src/main.c" -mcpu=cortex-m4 -std=gnu11 -g3 -DDEBUG -DUSE_HAL_DRIVER -DSTM32F401xC -c -I../Core/Inc -I../Drivers/STM32F4xx_HAL_Driver/Inc -I../Drivers/STM32F4xx_HAL_Driver/Inc/Legacy -I../Drivers/CMSIS/Device/ST/STM32F4xx/Include -I../Drivers/CMSIS/Include -O0 -ffunction-sections -fdata-sections -Wall -fstack-usage -fcyclomatic-complexity -MMD -MP -MF"Core/Src/main.d" -MT"Core/Src/main.o" --specs=nano.specs -mfpu=fpv4-sp-d16 -mfloat-abi=hard -mthumb -o "Core/Src/main.o"
../Core/Src/main.c: In function 'main':
../Core/Src/main.c:97:14: warning: unused variable 'flag' [-Wunused-variable]
   97 |   int i = 0, flag = 1;
      |              ^~~~
../Core/Src/main.c:97:7: warning: unused variable 'i' [-Wunused-variable]
   97 |   int i = 0, flag = 1;
      |       ^
arm-none-eabi-gcc -o "pwmTest2.elf" @"objects.list"   -mcpu=cortex-m4 -T"C:\WD\CCLAD\pwmTest2\STM32F401CCUX_FLASH.ld" --specs=nosys.specs -Wl,-Map="pwmTest2.map" -Wl,--gc-sections -static --specs=nano.specs -mfpu=fpv4-sp-d16 -mfloat-abi=hard -mthumb -Wl,--start-group -lc -lm -Wl,--end-group
Finished building target: pwmTest2.elf
 
arm-none-eabi-size  pwmTest2.elf 
arm-none-eabi-objdump -h -S pwmTest2.elf  > "pwmTest2.list"
   text	   data	    bss	    dec	    hex	filename
   9528	     20	   1644	  11192	   2bb8	pwmTest2.elf
Finished building: default.size.stdout
 
Finished building: pwmTest2.list
 
17:10:30 **** Incremental Build of configuration Debug for project pwmTest2 ****
make -j8 all 
arm-none-eabi-size  pwmTest2.elf 
   text	   data	    bss	    dec	    hex	filename
   9528	     20	   1644	  11192	   2bb8	pwmTest2.elf
Finished building: default.size.stdout
 
17:34:33 **** Incremental Build of configuration Debug for project pwmTest2 ****
make -j8 all 
arm-none-eabi-gcc "../Core/Src/main.c" -mcpu=cortex-m4 -std=gnu11 -g3 -DDEBUG -DUSE_HAL_DRIVER -DSTM32F401xC -c -I../Core/Inc -I../Drivers/STM32F4xx_HAL_Driver/Inc -I../Drivers/STM32F4xx_HAL_Driver/Inc/Legacy -I../Drivers/CMSIS/Device/ST/STM32F4xx/Include -I../Drivers/CMSIS/Include -O0 -ffunction-sections -fdata-sections -Wall -fstack-usage -fcyclomatic-complexity -MMD -MP -MF"Core/Src/main.d" -MT"Core/Src/main.o" --specs=nano.specs -mfpu=fpv4-sp-d16 -mfloat-abi=hard -mthumb -o "Core/Src/main.o"
arm-none-eabi-gcc -o "pwmTest2.elf" @"objects.list"   -mcpu=cortex-m4 -T"C:\WD\CCLAD\pwmTest2\STM32F401CCUX_FLASH.ld" --specs=nosys.specs -Wl,-Map="pwmTest2.map" -Wl,--gc-sections -static --specs=nano.specs -mfpu=fpv4-sp-d16 -mfloat-abi=hard -mthumb -Wl,--start-group -lc -lm -Wl,--end-group
Finished building target: pwmTest2.elf
 
arm-none-eabi-size  pwmTest2.elf 
arm-none-eabi-objdump -h -S pwmTest2.elf  > "pwmTest2.list"
   text	   data	    bss	    dec	    hex	filename
   9632	     20	   1644	  11296	   2c20	pwmTest2.elf
Finished building: default.size.stdout
 
Finished building: pwmTest2.list
 
17:35:25 **** Incremental Build of configuration Debug for project pwmTest2 ****
make -j8 all 
arm-none-eabi-gcc "../Core/Src/main.c" -mcpu=cortex-m4 -std=gnu11 -g3 -DDEBUG -DUSE_HAL_DRIVER -DSTM32F401xC -c -I../Core/Inc -I../Drivers/STM32F4xx_HAL_Driver/Inc -I../Drivers/STM32F4xx_HAL_Driver/Inc/Legacy -I../Drivers/CMSIS/Device/ST/STM32F4xx/Include -I../Drivers/CMSIS/Include -O0 -ffunction-sections -fdata-sections -Wall -fstack-usage -fcyclomatic-complexity -MMD -MP -MF"Core/Src/main.d" -MT"Core/Src/main.o" --specs=nano.specs -mfpu=fpv4-sp-d16 -mfloat-abi=hard -mthumb -o "Core/Src/main.o"
arm-none-eabi-gcc -o "pwmTest2.elf" @"objects.list"   -mcpu=cortex-m4 -T"C:\WD\CCLAD\pwmTest2\STM32F401CCUX_FLASH.ld" --specs=nosys.specs -Wl,-Map="pwmTest2.map" -Wl,--gc-sections -static --specs=nano.specs -mfpu=fpv4-sp-d16 -mfloat-abi=hard -mthumb -Wl,--start-group -lc -lm -Wl,--end-group
Finished building target: pwmTest2.elf
 
arm-none-eabi-size  pwmTest2.elf 
arm-none-eabi-objdump -h -S pwmTest2.elf  > "pwmTest2.list"
   text	   data	    bss	    dec	    hex	filename
   9632	     20	   1644	  11296	   2c20	pwmTest2.elf
Finished building: default.size.stdout
 
Finished building: pwmTest2.list
 
16:02:51 **** Incremental Build of configuration Debug for project pwmTest2 ****
make -j8 all 
arm-none-eabi-gcc "../Core/Src/main.c" -mcpu=cortex-m4 -std=gnu11 -g3 -DDEBUG -DUSE_HAL_DRIVER -DSTM32F401xC -c -I../Core/Inc -I../Drivers/STM32F4xx_HAL_Driver/Inc -I../Drivers/STM32F4xx_HAL_Driver/Inc/Legacy -I../Drivers/CMSIS/Device/ST/STM32F4xx/Include -I../Drivers/CMSIS/Include -O0 -ffunction-sections -fdata-sections -Wall -fstack-usage -fcyclomatic-complexity -MMD -MP -MF"Core/Src/main.d" -MT"Core/Src/main.o" --specs=nano.specs -mfpu=fpv4-sp-d16 -mfloat-abi=hard -mthumb -o "Core/Src/main.o"
arm-none-eabi-gcc "../Core/Src/stm32f4xx_hal_msp.c" -mcpu=cortex-m4 -std=gnu11 -g3 -DDEBUG -DUSE_HAL_DRIVER -DSTM32F401xC -c -I../Core/Inc -I../Drivers/STM32F4xx_HAL_Driver/Inc -I../Drivers/STM32F4xx_HAL_Driver/Inc/Legacy -I../Drivers/CMSIS/Device/ST/STM32F4xx/Include -I../Drivers/CMSIS/Include -O0 -ffunction-sections -fdata-sections -Wall -fstack-usage -fcyclomatic-complexity -MMD -MP -MF"Core/Src/stm32f4xx_hal_msp.d" -MT"Core/Src/stm32f4xx_hal_msp.o" --specs=nano.specs -mfpu=fpv4-sp-d16 -mfloat-abi=hard -mthumb -o "Core/Src/stm32f4xx_hal_msp.o"
arm-none-eabi-gcc "../Core/Src/stm32f4xx_it.c" -mcpu=cortex-m4 -std=gnu11 -g3 -DDEBUG -DUSE_HAL_DRIVER -DSTM32F401xC -c -I../Core/Inc -I../Drivers/STM32F4xx_HAL_Driver/Inc -I../Drivers/STM32F4xx_HAL_Driver/Inc/Legacy -I../Drivers/CMSIS/Device/ST/STM32F4xx/Include -I../Drivers/CMSIS/Include -O0 -ffunction-sections -fdata-sections -Wall -fstack-usage -fcyclomatic-complexity -MMD -MP -MF"Core/Src/stm32f4xx_it.d" -MT"Core/Src/stm32f4xx_it.o" --specs=nano.specs -mfpu=fpv4-sp-d16 -mfloat-abi=hard -mthumb -o "Core/Src/stm32f4xx_it.o"
arm-none-eabi-gcc -o "pwmTest2.elf" @"objects.list"   -mcpu=cortex-m4 -T"C:\WD\CCLAD\pwmTest2\STM32F401CCUX_FLASH.ld" --specs=nosys.specs -Wl,-Map="pwmTest2.map" -Wl,--gc-sections -static --specs=nano.specs -mfpu=fpv4-sp-d16 -mfloat-abi=hard -mthumb -Wl,--start-group -lc -lm -Wl,--end-group
Finished building target: pwmTest2.elf
 
arm-none-eabi-size  pwmTest2.elf 
arm-none-eabi-objdump -h -S pwmTest2.elf  > "pwmTest2.list"
   text	   data	    bss	    dec	    hex	filename
   9896	     20	   1644	  11560	   2d28	pwmTest2.elf
Finished building: default.size.stdout
 
Finished building: pwmTest2.list
 
16:04:21 **** Build of configuration Debug for project TIM_PWMOutput ****
make -j8 all 
arm-none-eabi-size  TIM_PWMOutput.elf 
   text	   data	    bss	    dec	    hex	filename
   8744	     36	   1676	  10456	   28d8	TIM_PWMOutput.elf
Finished building: default.size.stdout
 
16:05:21 **** Incremental Build of configuration Debug for project TIM_PWMOutput ****
make -j8 all 
arm-none-eabi-size  TIM_PWMOutput.elf 
   text	   data	    bss	    dec	    hex	filename
   8744	     36	   1676	  10456	   28d8	TIM_PWMOutput.elf
Finished building: default.size.stdout
 
16:06:49 **** Incremental Build of configuration Debug for project TIM_PWMOutput ****
make -j8 all 
arm-none-eabi-size  TIM_PWMOutput.elf 
   text	   data	    bss	    dec	    hex	filename
   8744	     36	   1676	  10456	   28d8	TIM_PWMOutput.elf
Finished building: default.size.stdout
 
16:07:23 **** Incremental Build of configuration Debug for project pwmTest2 ****
make -j8 all 
arm-none-eabi-size  pwmTest2.elf 
   text	   data	    bss	    dec	    hex	filename
   9896	     20	   1644	  11560	   2d28	pwmTest2.elf
Finished building: default.size.stdout
 
16:07:33 **** Incremental Build of configuration Debug for project pwmTest2 ****
make -j8 all 
arm-none-eabi-size  pwmTest2.elf 
   text	   data	    bss	    dec	    hex	filename
   9896	     20	   1644	  11560	   2d28	pwmTest2.elf
Finished building: default.size.stdout
 
16:08:08 **** Incremental Build of configuration Debug for project pwmTest2 ****
make -j8 all 
arm-none-eabi-size  pwmTest2.elf 
   text	   data	    bss	    dec	    hex	filename
   9896	     20	   1644	  11560	   2d28	pwmTest2.elf
Finished building: default.size.stdout
 
16:23:29 **** Incremental Build of configuration Debug for project pwmTest2 ****
make -j8 all 
arm-none-eabi-gcc "../Core/Src/main.c" -mcpu=cortex-m4 -std=gnu11 -g3 -DDEBUG -DUSE_HAL_DRIVER -DSTM32F401xC -c -I../Core/Inc -I../Drivers/STM32F4xx_HAL_Driver/Inc -I../Drivers/STM32F4xx_HAL_Driver/Inc/Legacy -I../Drivers/CMSIS/Device/ST/STM32F4xx/Include -I../Drivers/CMSIS/Include -O0 -ffunction-sections -fdata-sections -Wall -fstack-usage -fcyclomatic-complexity -MMD -MP -MF"Core/Src/main.d" -MT"Core/Src/main.o" --specs=nano.specs -mfpu=fpv4-sp-d16 -mfloat-abi=hard -mthumb -o "Core/Src/main.o"
../Core/Src/main.c:289:1: warning: return type defaults to 'int' [-Wimplicit-int]
  289 | HAL_GPIO_EXTI_Callback(uint16_t GPIO_Pin)
      | ^~~~~~~~~~~~~~~~~~~~~~
../Core/Src/main.c:289:1: warning: conflicting types for 'HAL_GPIO_EXTI_Callback'
In file included from ../Core/Inc/stm32f4xx_hal_conf.h:279,
                 from ../Drivers/STM32F4xx_HAL_Driver/Inc/stm32f4xx_hal.h:29,
                 from ../Core/Inc/main.h:30,
                 from ../Core/Src/main.c:20:
../Drivers/STM32F4xx_HAL_Driver/Inc/stm32f4xx_hal_gpio.h:239:6: note: previous declaration of 'HAL_GPIO_EXTI_Callback' with type 'void(uint16_t)' {aka 'void(short unsigned int)'}
  239 | void HAL_GPIO_EXTI_Callback(uint16_t GPIO_Pin);
      |      ^~~~~~~~~~~~~~~~~~~~~~
arm-none-eabi-gcc -o "pwmTest2.elf" @"objects.list"   -mcpu=cortex-m4 -T"C:\WD\CCLAD\pwmTest2\STM32F401CCUX_FLASH.ld" --specs=nosys.specs -Wl,-Map="pwmTest2.map" -Wl,--gc-sections -static --specs=nano.specs -mfpu=fpv4-sp-d16 -mfloat-abi=hard -mthumb -Wl,--start-group -lc -lm -Wl,--end-group
Finished building target: pwmTest2.elf
 
arm-none-eabi-size  pwmTest2.elf 
arm-none-eabi-objdump -h -S pwmTest2.elf  > "pwmTest2.list"
   text	   data	    bss	    dec	    hex	filename
   9932	     20	   1644	  11596	   2d4c	pwmTest2.elf
Finished building: default.size.stdout
 
Finished building: pwmTest2.list
 
16:23:57 **** Incremental Build of configuration Debug for project pwmTest2 ****
make -j8 all 
arm-none-eabi-gcc "../Core/Src/main.c" -mcpu=cortex-m4 -std=gnu11 -g3 -DDEBUG -DUSE_HAL_DRIVER -DSTM32F401xC -c -I../Core/Inc -I../Drivers/STM32F4xx_HAL_Driver/Inc -I../Drivers/STM32F4xx_HAL_Driver/Inc/Legacy -I../Drivers/CMSIS/Device/ST/STM32F4xx/Include -I../Drivers/CMSIS/Include -O0 -ffunction-sections -fdata-sections -Wall -fstack-usage -fcyclomatic-complexity -MMD -MP -MF"Core/Src/main.d" -MT"Core/Src/main.o" --specs=nano.specs -mfpu=fpv4-sp-d16 -mfloat-abi=hard -mthumb -o "Core/Src/main.o"
../Core/Src/main.c: In function 'main':
../Core/Src/main.c:97:7: warning: unused variable 'i' [-Wunused-variable]
   97 |   int i = 4000;
      |       ^
../Core/Src/main.c: At top level:
../Core/Src/main.c:289:1: warning: return type defaults to 'int' [-Wimplicit-int]
  289 | HAL_GPIO_EXTI_Callback(uint16_t GPIO_Pin)
      | ^~~~~~~~~~~~~~~~~~~~~~
../Core/Src/main.c:289:1: warning: conflicting types for 'HAL_GPIO_EXTI_Callback'
In file included from ../Core/Inc/stm32f4xx_hal_conf.h:279,
                 from ../Drivers/STM32F4xx_HAL_Driver/Inc/stm32f4xx_hal.h:29,
                 from ../Core/Inc/main.h:30,
                 from ../Core/Src/main.c:20:
../Drivers/STM32F4xx_HAL_Driver/Inc/stm32f4xx_hal_gpio.h:239:6: note: previous declaration of 'HAL_GPIO_EXTI_Callback' with type 'void(uint16_t)' {aka 'void(short unsigned int)'}
  239 | void HAL_GPIO_EXTI_Callback(uint16_t GPIO_Pin);
      |      ^~~~~~~~~~~~~~~~~~~~~~
arm-none-eabi-gcc -o "pwmTest2.elf" @"objects.list"   -mcpu=cortex-m4 -T"C:\WD\CCLAD\pwmTest2\STM32F401CCUX_FLASH.ld" --specs=nosys.specs -Wl,-Map="pwmTest2.map" -Wl,--gc-sections -static --specs=nano.specs -mfpu=fpv4-sp-d16 -mfloat-abi=hard -mthumb -Wl,--start-group -lc -lm -Wl,--end-group
Finished building target: pwmTest2.elf
 
arm-none-eabi-size  pwmTest2.elf 
arm-none-eabi-objdump -h -S pwmTest2.elf  > "pwmTest2.list"
   text	   data	    bss	    dec	    hex	filename
   9828	     20	   1644	  11492	   2ce4	pwmTest2.elf
Finished building: default.size.stdout
 
Finished building: pwmTest2.list
 
16:25:36 **** Incremental Build of configuration Debug for project pwmTest2 ****
make -j8 all 
arm-none-eabi-gcc "../Core/Src/main.c" -mcpu=cortex-m4 -std=gnu11 -g3 -DDEBUG -DUSE_HAL_DRIVER -DSTM32F401xC -c -I../Core/Inc -I../Drivers/STM32F4xx_HAL_Driver/Inc -I../Drivers/STM32F4xx_HAL_Driver/Inc/Legacy -I../Drivers/CMSIS/Device/ST/STM32F4xx/Include -I../Drivers/CMSIS/Include -O0 -ffunction-sections -fdata-sections -Wall -fstack-usage -fcyclomatic-complexity -MMD -MP -MF"Core/Src/main.d" -MT"Core/Src/main.o" --specs=nano.specs -mfpu=fpv4-sp-d16 -mfloat-abi=hard -mthumb -o "Core/Src/main.o"
../Core/Src/main.c: In function 'main':
../Core/Src/main.c:97:7: warning: unused variable 'i' [-Wunused-variable]
   97 |   int i = 4000;
      |       ^
../Core/Src/main.c: At top level:
../Core/Src/main.c:289:1: warning: return type defaults to 'int' [-Wimplicit-int]
  289 | HAL_GPIO_EXTI_Callback(uint16_t GPIO_Pin)
      | ^~~~~~~~~~~~~~~~~~~~~~
../Core/Src/main.c:289:1: warning: conflicting types for 'HAL_GPIO_EXTI_Callback'
In file included from ../Core/Inc/stm32f4xx_hal_conf.h:279,
                 from ../Drivers/STM32F4xx_HAL_Driver/Inc/stm32f4xx_hal.h:29,
                 from ../Core/Inc/main.h:30,
                 from ../Core/Src/main.c:20:
../Drivers/STM32F4xx_HAL_Driver/Inc/stm32f4xx_hal_gpio.h:239:6: note: previous declaration of 'HAL_GPIO_EXTI_Callback' with type 'void(uint16_t)' {aka 'void(short unsigned int)'}
  239 | void HAL_GPIO_EXTI_Callback(uint16_t GPIO_Pin);
      |      ^~~~~~~~~~~~~~~~~~~~~~
arm-none-eabi-gcc -o "pwmTest2.elf" @"objects.list"   -mcpu=cortex-m4 -T"C:\WD\CCLAD\pwmTest2\STM32F401CCUX_FLASH.ld" --specs=nosys.specs -Wl,-Map="pwmTest2.map" -Wl,--gc-sections -static --specs=nano.specs -mfpu=fpv4-sp-d16 -mfloat-abi=hard -mthumb -Wl,--start-group -lc -lm -Wl,--end-group
Finished building target: pwmTest2.elf
 
arm-none-eabi-size  pwmTest2.elf 
arm-none-eabi-objdump -h -S pwmTest2.elf  > "pwmTest2.list"
   text	   data	    bss	    dec	    hex	filename
   9828	     20	   1644	  11492	   2ce4	pwmTest2.elf
Finished building: default.size.stdout
 
Finished building: pwmTest2.list
 
16:26:56 **** Incremental Build of configuration Debug for project pwmTest2 ****
make -j8 all 
arm-none-eabi-size  pwmTest2.elf 
   text	   data	    bss	    dec	    hex	filename
   9828	     20	   1644	  11492	   2ce4	pwmTest2.elf
Finished building: default.size.stdout
 
16:29:04 **** Incremental Build of configuration Debug for project pwmTest2 ****
make -j8 all 
arm-none-eabi-size  pwmTest2.elf 
   text	   data	    bss	    dec	    hex	filename
   9828	     20	   1644	  11492	   2ce4	pwmTest2.elf
Finished building: default.size.stdout
 
16:31:27 **** Incremental Build of configuration Debug for project pwmTest2 ****
make -j8 all 
arm-none-eabi-size  pwmTest2.elf 
   text	   data	    bss	    dec	    hex	filename
   9828	     20	   1644	  11492	   2ce4	pwmTest2.elf
Finished building: default.size.stdout
 
16:34:34 **** Incremental Build of configuration Debug for project pwmTest2 ****
make -j8 all 
arm-none-eabi-gcc "../Core/Src/main.c" -mcpu=cortex-m4 -std=gnu11 -g3 -DDEBUG -DUSE_HAL_DRIVER -DSTM32F401xC -c -I../Core/Inc -I../Drivers/STM32F4xx_HAL_Driver/Inc -I../Drivers/STM32F4xx_HAL_Driver/Inc/Legacy -I../Drivers/CMSIS/Device/ST/STM32F4xx/Include -I../Drivers/CMSIS/Include -O0 -ffunction-sections -fdata-sections -Wall -fstack-usage -fcyclomatic-complexity -MMD -MP -MF"Core/Src/main.d" -MT"Core/Src/main.o" --specs=nano.specs -mfpu=fpv4-sp-d16 -mfloat-abi=hard -mthumb -o "Core/Src/main.o"
../Core/Src/main.c: In function 'main':
../Core/Src/main.c:97:7: warning: unused variable 'i' [-Wunused-variable]
   97 |   int i = 4000;
      |       ^
../Core/Src/main.c: At top level:
../Core/Src/main.c:289:1: warning: return type defaults to 'int' [-Wimplicit-int]
  289 | HAL_GPIO_EXTI_Callback(uint16_t GPIO_Pin)
      | ^~~~~~~~~~~~~~~~~~~~~~
../Core/Src/main.c:289:1: warning: conflicting types for 'HAL_GPIO_EXTI_Callback'
In file included from ../Core/Inc/stm32f4xx_hal_conf.h:279,
                 from ../Drivers/STM32F4xx_HAL_Driver/Inc/stm32f4xx_hal.h:29,
                 from ../Core/Inc/main.h:30,
                 from ../Core/Src/main.c:20:
../Drivers/STM32F4xx_HAL_Driver/Inc/stm32f4xx_hal_gpio.h:239:6: note: previous declaration of 'HAL_GPIO_EXTI_Callback' with type 'void(uint16_t)' {aka 'void(short unsigned int)'}
  239 | void HAL_GPIO_EXTI_Callback(uint16_t GPIO_Pin);
      |      ^~~~~~~~~~~~~~~~~~~~~~
arm-none-eabi-gcc -o "pwmTest2.elf" @"objects.list"   -mcpu=cortex-m4 -T"C:\WD\CCLAD\pwmTest2\STM32F401CCUX_FLASH.ld" --specs=nosys.specs -Wl,-Map="pwmTest2.map" -Wl,--gc-sections -static --specs=nano.specs -mfpu=fpv4-sp-d16 -mfloat-abi=hard -mthumb -Wl,--start-group -lc -lm -Wl,--end-group
Finished building target: pwmTest2.elf
 
arm-none-eabi-size  pwmTest2.elf 
arm-none-eabi-objdump -h -S pwmTest2.elf  > "pwmTest2.list"
   text	   data	    bss	    dec	    hex	filename
   9828	     20	   1644	  11492	   2ce4	pwmTest2.elf
Finished building: default.size.stdout
 
Finished building: pwmTest2.list
 
16:36:05 **** Incremental Build of configuration Debug for project pwmTest2 ****
make -j8 all 
arm-none-eabi-size  pwmTest2.elf 
   text	   data	    bss	    dec	    hex	filename
   9828	     20	   1644	  11492	   2ce4	pwmTest2.elf
Finished building: default.size.stdout
 
16:36:11 **** Incremental Build of configuration Debug for project pwmTest2 ****
make -j8 all 
arm-none-eabi-size  pwmTest2.elf 
   text	   data	    bss	    dec	    hex	filename
   9828	     20	   1644	  11492	   2ce4	pwmTest2.elf
Finished building: default.size.stdout
 
16:36:22 **** Incremental Build of configuration Debug for project pwmTest2 ****
make -j8 all 
arm-none-eabi-size  pwmTest2.elf 
   text	   data	    bss	    dec	    hex	filename
   9828	     20	   1644	  11492	   2ce4	pwmTest2.elf
Finished building: default.size.stdout
 
16:40:14 **** Incremental Build of configuration Debug for project pwmTest2 ****
make -j8 all 
arm-none-eabi-size  pwmTest2.elf 
   text	   data	    bss	    dec	    hex	filename
   9828	     20	   1644	  11492	   2ce4	pwmTest2.elf
Finished building: default.size.stdout
 
16:47:16 **** Incremental Build of configuration Debug for project pwmTest2 ****
make -j8 all 
arm-none-eabi-gcc "../Core/Src/main.c" -mcpu=cortex-m4 -std=gnu11 -g3 -DDEBUG -DUSE_HAL_DRIVER -DSTM32F401xC -c -I../Core/Inc -I../Drivers/STM32F4xx_HAL_Driver/Inc -I../Drivers/STM32F4xx_HAL_Driver/Inc/Legacy -I../Drivers/CMSIS/Device/ST/STM32F4xx/Include -I../Drivers/CMSIS/Include -O0 -ffunction-sections -fdata-sections -Wall -fstack-usage -fcyclomatic-complexity -MMD -MP -MF"Core/Src/main.d" -MT"Core/Src/main.o" --specs=nano.specs -mfpu=fpv4-sp-d16 -mfloat-abi=hard -mthumb -o "Core/Src/main.o"
../Core/Src/main.c: In function 'main':
../Core/Src/main.c:97:7: warning: unused variable 'i' [-Wunused-variable]
   97 |   int i = 4000;
      |       ^
../Core/Src/main.c: At top level:
../Core/Src/main.c:289:1: warning: return type defaults to 'int' [-Wimplicit-int]
  289 | HAL_GPIO_EXTI_Callback(uint16_t GPIO_Pin)
      | ^~~~~~~~~~~~~~~~~~~~~~
../Core/Src/main.c:289:1: warning: conflicting types for 'HAL_GPIO_EXTI_Callback'
In file included from ../Core/Inc/stm32f4xx_hal_conf.h:279,
                 from ../Drivers/STM32F4xx_HAL_Driver/Inc/stm32f4xx_hal.h:29,
                 from ../Core/Inc/main.h:30,
                 from ../Core/Src/main.c:20:
../Drivers/STM32F4xx_HAL_Driver/Inc/stm32f4xx_hal_gpio.h:239:6: note: previous declaration of 'HAL_GPIO_EXTI_Callback' with type 'void(uint16_t)' {aka 'void(short unsigned int)'}
  239 | void HAL_GPIO_EXTI_Callback(uint16_t GPIO_Pin);
      |      ^~~~~~~~~~~~~~~~~~~~~~
arm-none-eabi-gcc -o "pwmTest2.elf" @"objects.list"   -mcpu=cortex-m4 -T"C:\WD\CCLAD\pwmTest2\STM32F401CCUX_FLASH.ld" --specs=nosys.specs -Wl,-Map="pwmTest2.map" -Wl,--gc-sections -static --specs=nano.specs -mfpu=fpv4-sp-d16 -mfloat-abi=hard -mthumb -Wl,--start-group -lc -lm -Wl,--end-group
Finished building target: pwmTest2.elf
 
arm-none-eabi-size  pwmTest2.elf 
arm-none-eabi-objdump -h -S pwmTest2.elf  > "pwmTest2.list"
   text	   data	    bss	    dec	    hex	filename
   9828	     20	   1644	  11492	   2ce4	pwmTest2.elf
Finished building: default.size.stdout
 
Finished building: pwmTest2.list
 
16:47:32 **** Incremental Build of configuration Debug for project pwmTest2 ****
make -j8 all 
arm-none-eabi-size  pwmTest2.elf 
   text	   data	    bss	    dec	    hex	filename
   9828	     20	   1644	  11492	   2ce4	pwmTest2.elf
Finished building: default.size.stdout
 
16:55:29 **** Incremental Build of configuration Debug for project pwmTest2 ****
make -j8 all 
arm-none-eabi-gcc "../Core/Src/main.c" -mcpu=cortex-m4 -std=gnu11 -g3 -DDEBUG -DUSE_HAL_DRIVER -DSTM32F401xC -c -I../Core/Inc -I../Drivers/STM32F4xx_HAL_Driver/Inc -I../Drivers/STM32F4xx_HAL_Driver/Inc/Legacy -I../Drivers/CMSIS/Device/ST/STM32F4xx/Include -I../Drivers/CMSIS/Include -O0 -ffunction-sections -fdata-sections -Wall -fstack-usage -fcyclomatic-complexity -MMD -MP -MF"Core/Src/main.d" -MT"Core/Src/main.o" --specs=nano.specs -mfpu=fpv4-sp-d16 -mfloat-abi=hard -mthumb -o "Core/Src/main.o"
../Core/Src/main.c: In function 'main':
../Core/Src/main.c:97:7: warning: unused variable 'i' [-Wunused-variable]
   97 |   int i = 4000;
      |       ^
../Core/Src/main.c: At top level:
../Core/Src/main.c:289:1: warning: return type defaults to 'int' [-Wimplicit-int]
  289 | HAL_GPIO_EXTI_Callback(uint16_t GPIO_Pin)
      | ^~~~~~~~~~~~~~~~~~~~~~
../Core/Src/main.c:289:1: warning: conflicting types for 'HAL_GPIO_EXTI_Callback'
In file included from ../Core/Inc/stm32f4xx_hal_conf.h:279,
                 from ../Drivers/STM32F4xx_HAL_Driver/Inc/stm32f4xx_hal.h:29,
                 from ../Core/Inc/main.h:30,
                 from ../Core/Src/main.c:20:
../Drivers/STM32F4xx_HAL_Driver/Inc/stm32f4xx_hal_gpio.h:239:6: note: previous declaration of 'HAL_GPIO_EXTI_Callback' with type 'void(uint16_t)' {aka 'void(short unsigned int)'}
  239 | void HAL_GPIO_EXTI_Callback(uint16_t GPIO_Pin);
      |      ^~~~~~~~~~~~~~~~~~~~~~
arm-none-eabi-gcc -o "pwmTest2.elf" @"objects.list"   -mcpu=cortex-m4 -T"C:\WD\CCLAD\pwmTest2\STM32F401CCUX_FLASH.ld" --specs=nosys.specs -Wl,-Map="pwmTest2.map" -Wl,--gc-sections -static --specs=nano.specs -mfpu=fpv4-sp-d16 -mfloat-abi=hard -mthumb -Wl,--start-group -lc -lm -Wl,--end-group
Finished building target: pwmTest2.elf
 
arm-none-eabi-size  pwmTest2.elf 
arm-none-eabi-objdump -h -S pwmTest2.elf  > "pwmTest2.list"
   text	   data	    bss	    dec	    hex	filename
   9828	     20	   1644	  11492	   2ce4	pwmTest2.elf
Finished building: default.size.stdout
 
Finished building: pwmTest2.list
 
16:59:11 **** Incremental Build of configuration Debug for project pwmTest2 ****
make -j8 all 
arm-none-eabi-gcc "../Core/Src/main.c" -mcpu=cortex-m4 -std=gnu11 -g3 -DDEBUG -DUSE_HAL_DRIVER -DSTM32F401xC -c -I../Core/Inc -I../Drivers/STM32F4xx_HAL_Driver/Inc -I../Drivers/STM32F4xx_HAL_Driver/Inc/Legacy -I../Drivers/CMSIS/Device/ST/STM32F4xx/Include -I../Drivers/CMSIS/Include -O0 -ffunction-sections -fdata-sections -Wall -fstack-usage -fcyclomatic-complexity -MMD -MP -MF"Core/Src/main.d" -MT"Core/Src/main.o" --specs=nano.specs -mfpu=fpv4-sp-d16 -mfloat-abi=hard -mthumb -o "Core/Src/main.o"
../Core/Src/main.c: In function 'main':
../Core/Src/main.c:97:7: warning: unused variable 'i' [-Wunused-variable]
   97 |   int i = 4000;
      |       ^
../Core/Src/main.c: At top level:
../Core/Src/main.c:289:1: warning: return type defaults to 'int' [-Wimplicit-int]
  289 | HAL_GPIO_EXTI_Callback(uint16_t GPIO_Pin)
      | ^~~~~~~~~~~~~~~~~~~~~~
../Core/Src/main.c:289:1: warning: conflicting types for 'HAL_GPIO_EXTI_Callback'
In file included from ../Core/Inc/stm32f4xx_hal_conf.h:279,
                 from ../Drivers/STM32F4xx_HAL_Driver/Inc/stm32f4xx_hal.h:29,
                 from ../Core/Inc/main.h:30,
                 from ../Core/Src/main.c:20:
../Drivers/STM32F4xx_HAL_Driver/Inc/stm32f4xx_hal_gpio.h:239:6: note: previous declaration of 'HAL_GPIO_EXTI_Callback' with type 'void(uint16_t)' {aka 'void(short unsigned int)'}
  239 | void HAL_GPIO_EXTI_Callback(uint16_t GPIO_Pin);
      |      ^~~~~~~~~~~~~~~~~~~~~~
arm-none-eabi-gcc -o "pwmTest2.elf" @"objects.list"   -mcpu=cortex-m4 -T"C:\WD\CCLAD\pwmTest2\STM32F401CCUX_FLASH.ld" --specs=nosys.specs -Wl,-Map="pwmTest2.map" -Wl,--gc-sections -static --specs=nano.specs -mfpu=fpv4-sp-d16 -mfloat-abi=hard -mthumb -Wl,--start-group -lc -lm -Wl,--end-group
Finished building target: pwmTest2.elf
 
arm-none-eabi-size  pwmTest2.elf 
arm-none-eabi-objdump -h -S pwmTest2.elf  > "pwmTest2.list"
   text	   data	    bss	    dec	    hex	filename
   9844	     20	   1644	  11508	   2cf4	pwmTest2.elf
Finished building: default.size.stdout
 
Finished building: pwmTest2.list
 
17:01:30 **** Incremental Build of configuration Debug for project pwmTest2 ****
make -j8 all 
arm-none-eabi-gcc "../Core/Src/main.c" -mcpu=cortex-m4 -std=gnu11 -g3 -DDEBUG -DUSE_HAL_DRIVER -DSTM32F401xC -c -I../Core/Inc -I../Drivers/STM32F4xx_HAL_Driver/Inc -I../Drivers/STM32F4xx_HAL_Driver/Inc/Legacy -I../Drivers/CMSIS/Device/ST/STM32F4xx/Include -I../Drivers/CMSIS/Include -O0 -ffunction-sections -fdata-sections -Wall -fstack-usage -fcyclomatic-complexity -MMD -MP -MF"Core/Src/main.d" -MT"Core/Src/main.o" --specs=nano.specs -mfpu=fpv4-sp-d16 -mfloat-abi=hard -mthumb -o "Core/Src/main.o"
../Core/Src/main.c: In function 'main':
../Core/Src/main.c:97:7: warning: unused variable 'i' [-Wunused-variable]
   97 |   int i = 4000;
      |       ^
../Core/Src/main.c: At top level:
../Core/Src/main.c:289:1: warning: return type defaults to 'int' [-Wimplicit-int]
  289 | HAL_GPIO_EXTI_Callback(uint16_t GPIO_Pin)
      | ^~~~~~~~~~~~~~~~~~~~~~
../Core/Src/main.c:289:1: warning: conflicting types for 'HAL_GPIO_EXTI_Callback'
In file included from ../Core/Inc/stm32f4xx_hal_conf.h:279,
                 from ../Drivers/STM32F4xx_HAL_Driver/Inc/stm32f4xx_hal.h:29,
                 from ../Core/Inc/main.h:30,
                 from ../Core/Src/main.c:20:
../Drivers/STM32F4xx_HAL_Driver/Inc/stm32f4xx_hal_gpio.h:239:6: note: previous declaration of 'HAL_GPIO_EXTI_Callback' with type 'void(uint16_t)' {aka 'void(short unsigned int)'}
  239 | void HAL_GPIO_EXTI_Callback(uint16_t GPIO_Pin);
      |      ^~~~~~~~~~~~~~~~~~~~~~
arm-none-eabi-gcc -o "pwmTest2.elf" @"objects.list"   -mcpu=cortex-m4 -T"C:\WD\CCLAD\pwmTest2\STM32F401CCUX_FLASH.ld" --specs=nosys.specs -Wl,-Map="pwmTest2.map" -Wl,--gc-sections -static --specs=nano.specs -mfpu=fpv4-sp-d16 -mfloat-abi=hard -mthumb -Wl,--start-group -lc -lm -Wl,--end-group
Finished building target: pwmTest2.elf
 
arm-none-eabi-size  pwmTest2.elf 
arm-none-eabi-objdump -h -S pwmTest2.elf  > "pwmTest2.list"
   text	   data	    bss	    dec	    hex	filename
   9844	     20	   1644	  11508	   2cf4	pwmTest2.elf
Finished building: default.size.stdout
 
Finished building: pwmTest2.list
 
17:03:46 **** Incremental Build of configuration Debug for project pwmTest2 ****
make -j8 all 
arm-none-eabi-size  pwmTest2.elf 
   text	   data	    bss	    dec	    hex	filename
   9844	     20	   1644	  11508	   2cf4	pwmTest2.elf
Finished building: default.size.stdout
 
17:08:27 **** Incremental Build of configuration Debug for project pwmTest2 ****
make -j8 all 
arm-none-eabi-gcc "../Core/Src/main.c" -mcpu=cortex-m4 -std=gnu11 -g3 -DDEBUG -DUSE_HAL_DRIVER -DSTM32F401xC -c -I../Core/Inc -I../Drivers/STM32F4xx_HAL_Driver/Inc -I../Drivers/STM32F4xx_HAL_Driver/Inc/Legacy -I../Drivers/CMSIS/Device/ST/STM32F4xx/Include -I../Drivers/CMSIS/Include -O0 -ffunction-sections -fdata-sections -Wall -fstack-usage -fcyclomatic-complexity -MMD -MP -MF"Core/Src/main.d" -MT"Core/Src/main.o" --specs=nano.specs -mfpu=fpv4-sp-d16 -mfloat-abi=hard -mthumb -o "Core/Src/main.o"
../Core/Src/main.c: In function 'main':
../Core/Src/main.c:97:7: warning: unused variable 'i' [-Wunused-variable]
   97 |   int i = 4000;
      |       ^
../Core/Src/main.c: At top level:
../Core/Src/main.c:289:1: warning: return type defaults to 'int' [-Wimplicit-int]
  289 | HAL_GPIO_EXTI_Callback(uint16_t GPIO_Pin)
      | ^~~~~~~~~~~~~~~~~~~~~~
../Core/Src/main.c:289:1: warning: conflicting types for 'HAL_GPIO_EXTI_Callback'
In file included from ../Core/Inc/stm32f4xx_hal_conf.h:279,
                 from ../Drivers/STM32F4xx_HAL_Driver/Inc/stm32f4xx_hal.h:29,
                 from ../Core/Inc/main.h:30,
                 from ../Core/Src/main.c:20:
../Drivers/STM32F4xx_HAL_Driver/Inc/stm32f4xx_hal_gpio.h:239:6: note: previous declaration of 'HAL_GPIO_EXTI_Callback' with type 'void(uint16_t)' {aka 'void(short unsigned int)'}
  239 | void HAL_GPIO_EXTI_Callback(uint16_t GPIO_Pin);
      |      ^~~~~~~~~~~~~~~~~~~~~~
arm-none-eabi-gcc -o "pwmTest2.elf" @"objects.list"   -mcpu=cortex-m4 -T"C:\WD\CCLAD\pwmTest2\STM32F401CCUX_FLASH.ld" --specs=nosys.specs -Wl,-Map="pwmTest2.map" -Wl,--gc-sections -static --specs=nano.specs -mfpu=fpv4-sp-d16 -mfloat-abi=hard -mthumb -Wl,--start-group -lc -lm -Wl,--end-group
Finished building target: pwmTest2.elf
 
arm-none-eabi-size  pwmTest2.elf 
arm-none-eabi-objdump -h -S pwmTest2.elf  > "pwmTest2.list"
   text	   data	    bss	    dec	    hex	filename
   9844	     20	   1644	  11508	   2cf4	pwmTest2.elf
Finished building: default.size.stdout
 
Finished building: pwmTest2.list
 
17:29:40 **** Incremental Build of configuration Debug for project pwmTest2 ****
make -j8 all 
arm-none-eabi-size  pwmTest2.elf 
   text	   data	    bss	    dec	    hex	filename
   9844	     20	   1644	  11508	   2cf4	pwmTest2.elf
Finished building: default.size.stdout
 
17:30:03 **** Incremental Build of configuration Debug for project pwmTest2 ****
make -j8 all 
arm-none-eabi-size  pwmTest2.elf 
   text	   data	    bss	    dec	    hex	filename
   9844	     20	   1644	  11508	   2cf4	pwmTest2.elf
Finished building: default.size.stdout
 
17:30:57 **** Incremental Build of configuration Debug for project pwmTest2 ****
make -j8 all 
arm-none-eabi-size  pwmTest2.elf 
   text	   data	    bss	    dec	    hex	filename
   9844	     20	   1644	  11508	   2cf4	pwmTest2.elf
Finished building: default.size.stdout
 
17:31:20 **** Incremental Build of configuration Debug for project pwmTest2 ****
make -j8 all 
arm-none-eabi-size  pwmTest2.elf 
   text	   data	    bss	    dec	    hex	filename
   9844	     20	   1644	  11508	   2cf4	pwmTest2.elf
Finished building: default.size.stdout
 
17:31:35 **** Incremental Build of configuration Debug for project pwmTest2 ****
make -j8 all 
arm-none-eabi-size  pwmTest2.elf 
   text	   data	    bss	    dec	    hex	filename
   9844	     20	   1644	  11508	   2cf4	pwmTest2.elf
Finished building: default.size.stdout
 
17:49:04 **** Incremental Build of configuration Debug for project pwmTest2 ****
make -j8 all 
arm-none-eabi-size  pwmTest2.elf 
   text	   data	    bss	    dec	    hex	filename
   9844	     20	   1644	  11508	   2cf4	pwmTest2.elf
Finished building: default.size.stdout
 
17:49:40 **** Incremental Build of configuration Debug for project pwmTest2 ****
make -j8 all 
arm-none-eabi-size  pwmTest2.elf 
   text	   data	    bss	    dec	    hex	filename
   9844	     20	   1644	  11508	   2cf4	pwmTest2.elf
Finished building: default.size.stdout
 
17:59:32 **** Incremental Build of configuration Debug for project pwmTest2 ****
make -j8 all 
arm-none-eabi-size  pwmTest2.elf 
   text	   data	    bss	    dec	    hex	filename
   9844	     20	   1644	  11508	   2cf4	pwmTest2.elf
Finished building: default.size.stdout
 
17:59:53 **** Incremental Build of configuration Debug for project pwmTest2 ****
make -j8 all 
arm-none-eabi-size  pwmTest2.elf 
   text	   data	    bss	    dec	    hex	filename
   9844	     20	   1644	  11508	   2cf4	pwmTest2.elf
Finished building: default.size.stdout
 
18:12:34 **** Incremental Build of configuration Debug for project pwmTest2 ****
make -j8 all 
arm-none-eabi-size  pwmTest2.elf 
   text	   data	    bss	    dec	    hex	filename
   9844	     20	   1644	  11508	   2cf4	pwmTest2.elf
Finished building: default.size.stdout
 
18:14:42 **** Incremental Build of configuration Debug for project pwmTest2 ****
make -j8 all 
arm-none-eabi-size  pwmTest2.elf 
   text	   data	    bss	    dec	    hex	filename
   9844	     20	   1644	  11508	   2cf4	pwmTest2.elf
Finished building: default.size.stdout
 
18:15:00 **** Incremental Build of configuration Debug for project pwmTest2 ****
make -j8 all 
arm-none-eabi-size  pwmTest2.elf 
   text	   data	    bss	    dec	    hex	filename
   9844	     20	   1644	  11508	   2cf4	pwmTest2.elf
Finished building: default.size.stdout
 
18:19:12 **** Incremental Build of configuration Debug for project pwmTest2 ****
make -j8 all 
arm-none-eabi-gcc "../Core/Src/main.c" -mcpu=cortex-m4 -std=gnu11 -g3 -DDEBUG -DUSE_HAL_DRIVER -DSTM32F401xC -c -I../Core/Inc -I../Drivers/STM32F4xx_HAL_Driver/Inc -I../Drivers/STM32F4xx_HAL_Driver/Inc/Legacy -I../Drivers/CMSIS/Device/ST/STM32F4xx/Include -I../Drivers/CMSIS/Include -O0 -ffunction-sections -fdata-sections -Wall -fstack-usage -fcyclomatic-complexity -MMD -MP -MF"Core/Src/main.d" -MT"Core/Src/main.o" --specs=nano.specs -mfpu=fpv4-sp-d16 -mfloat-abi=hard -mthumb -o "Core/Src/main.o"
../Core/Src/main.c: In function 'main':
../Core/Src/main.c:97:7: warning: unused variable 'i' [-Wunused-variable]
   97 |   int i = 4000;
      |       ^
../Core/Src/main.c: At top level:
../Core/Src/main.c:293:1: warning: return type defaults to 'int' [-Wimplicit-int]
  293 | HAL_GPIO_EXTI_Callback(uint16_t GPIO_Pin)
      | ^~~~~~~~~~~~~~~~~~~~~~
../Core/Src/main.c:293:1: warning: conflicting types for 'HAL_GPIO_EXTI_Callback'
In file included from ../Core/Inc/stm32f4xx_hal_conf.h:279,
                 from ../Drivers/STM32F4xx_HAL_Driver/Inc/stm32f4xx_hal.h:29,
                 from ../Core/Inc/main.h:30,
                 from ../Core/Src/main.c:20:
../Drivers/STM32F4xx_HAL_Driver/Inc/stm32f4xx_hal_gpio.h:239:6: note: previous declaration of 'HAL_GPIO_EXTI_Callback' with type 'void(uint16_t)' {aka 'void(short unsigned int)'}
  239 | void HAL_GPIO_EXTI_Callback(uint16_t GPIO_Pin);
      |      ^~~~~~~~~~~~~~~~~~~~~~
arm-none-eabi-gcc -o "pwmTest2.elf" @"objects.list"   -mcpu=cortex-m4 -T"C:\WD\CCLAD\pwmTest2\STM32F401CCUX_FLASH.ld" --specs=nosys.specs -Wl,-Map="pwmTest2.map" -Wl,--gc-sections -static --specs=nano.specs -mfpu=fpv4-sp-d16 -mfloat-abi=hard -mthumb -Wl,--start-group -lc -lm -Wl,--end-group
Finished building target: pwmTest2.elf
 
arm-none-eabi-size  pwmTest2.elf 
arm-none-eabi-objdump -h -S pwmTest2.elf  > "pwmTest2.list"
   text	   data	    bss	    dec	    hex	filename
   9872	     20	   1644	  11536	   2d10	pwmTest2.elf
Finished building: default.size.stdout
 
Finished building: pwmTest2.list
 
18:20:08 **** Incremental Build of configuration Debug for project pwmTest2 ****
make -j8 all 
arm-none-eabi-size  pwmTest2.elf 
   text	   data	    bss	    dec	    hex	filename
   9872	     20	   1644	  11536	   2d10	pwmTest2.elf
Finished building: default.size.stdout
 
18:21:02 **** Incremental Build of configuration Debug for project pwmTest2 ****
make -j8 all 
arm-none-eabi-gcc "../Core/Src/main.c" -mcpu=cortex-m4 -std=gnu11 -g3 -DDEBUG -DUSE_HAL_DRIVER -DSTM32F401xC -c -I../Core/Inc -I../Drivers/STM32F4xx_HAL_Driver/Inc -I../Drivers/STM32F4xx_HAL_Driver/Inc/Legacy -I../Drivers/CMSIS/Device/ST/STM32F4xx/Include -I../Drivers/CMSIS/Include -O0 -ffunction-sections -fdata-sections -Wall -fstack-usage -fcyclomatic-complexity -MMD -MP -MF"Core/Src/main.d" -MT"Core/Src/main.o" --specs=nano.specs -mfpu=fpv4-sp-d16 -mfloat-abi=hard -mthumb -o "Core/Src/main.o"
../Core/Src/main.c: In function 'main':
../Core/Src/main.c:97:7: warning: unused variable 'i' [-Wunused-variable]
   97 |   int i = 4000;
      |       ^
../Core/Src/main.c: At top level:
../Core/Src/main.c:289:1: warning: return type defaults to 'int' [-Wimplicit-int]
  289 | HAL_GPIO_EXTI_Callback(uint16_t GPIO_Pin)
      | ^~~~~~~~~~~~~~~~~~~~~~
../Core/Src/main.c:289:1: warning: conflicting types for 'HAL_GPIO_EXTI_Callback'
In file included from ../Core/Inc/stm32f4xx_hal_conf.h:279,
                 from ../Drivers/STM32F4xx_HAL_Driver/Inc/stm32f4xx_hal.h:29,
                 from ../Core/Inc/main.h:30,
                 from ../Core/Src/main.c:20:
../Drivers/STM32F4xx_HAL_Driver/Inc/stm32f4xx_hal_gpio.h:239:6: note: previous declaration of 'HAL_GPIO_EXTI_Callback' with type 'void(uint16_t)' {aka 'void(short unsigned int)'}
  239 | void HAL_GPIO_EXTI_Callback(uint16_t GPIO_Pin);
      |      ^~~~~~~~~~~~~~~~~~~~~~
arm-none-eabi-gcc -o "pwmTest2.elf" @"objects.list"   -mcpu=cortex-m4 -T"C:\WD\CCLAD\pwmTest2\STM32F401CCUX_FLASH.ld" --specs=nosys.specs -Wl,-Map="pwmTest2.map" -Wl,--gc-sections -static --specs=nano.specs -mfpu=fpv4-sp-d16 -mfloat-abi=hard -mthumb -Wl,--start-group -lc -lm -Wl,--end-group
Finished building target: pwmTest2.elf
 
arm-none-eabi-size  pwmTest2.elf 
arm-none-eabi-objdump -h -S pwmTest2.elf  > "pwmTest2.list"
   text	   data	    bss	    dec	    hex	filename
   9844	     20	   1644	  11508	   2cf4	pwmTest2.elf
Finished building: default.size.stdout
 
Finished building: pwmTest2.list
 
18:22:19 **** Incremental Build of configuration Debug for project pwmTest2 ****
make -j8 all 
arm-none-eabi-size  pwmTest2.elf 
   text	   data	    bss	    dec	    hex	filename
   9844	     20	   1644	  11508	   2cf4	pwmTest2.elf
Finished building: default.size.stdout
 
14:41:01 **** Build of configuration Debug for project pwmTest2 ****
make -j8 all 
arm-none-eabi-gcc "../Core/Src/main.c" -mcpu=cortex-m4 -std=gnu11 -g3 -DDEBUG -DUSE_HAL_DRIVER -DSTM32F401xC -c -I../Core/Inc -I../Drivers/STM32F4xx_HAL_Driver/Inc -I../Drivers/STM32F4xx_HAL_Driver/Inc/Legacy -I../Drivers/CMSIS/Device/ST/STM32F4xx/Include -I../Drivers/CMSIS/Include -O0 -ffunction-sections -fdata-sections -Wall -fstack-usage -fcyclomatic-complexity -MMD -MP -MF"Core/Src/main.d" -MT"Core/Src/main.o" --specs=nano.specs -mfpu=fpv4-sp-d16 -mfloat-abi=hard -mthumb -o "Core/Src/main.o"
arm-none-eabi-gcc "../Core/Src/stm32f4xx_hal_msp.c" -mcpu=cortex-m4 -std=gnu11 -g3 -DDEBUG -DUSE_HAL_DRIVER -DSTM32F401xC -c -I../Core/Inc -I../Drivers/STM32F4xx_HAL_Driver/Inc -I../Drivers/STM32F4xx_HAL_Driver/Inc/Legacy -I../Drivers/CMSIS/Device/ST/STM32F4xx/Include -I../Drivers/CMSIS/Include -O0 -ffunction-sections -fdata-sections -Wall -fstack-usage -fcyclomatic-complexity -MMD -MP -MF"Core/Src/stm32f4xx_hal_msp.d" -MT"Core/Src/stm32f4xx_hal_msp.o" --specs=nano.specs -mfpu=fpv4-sp-d16 -mfloat-abi=hard -mthumb -o "Core/Src/stm32f4xx_hal_msp.o"
arm-none-eabi-gcc "../Core/Src/stm32f4xx_it.c" -mcpu=cortex-m4 -std=gnu11 -g3 -DDEBUG -DUSE_HAL_DRIVER -DSTM32F401xC -c -I../Core/Inc -I../Drivers/STM32F4xx_HAL_Driver/Inc -I../Drivers/STM32F4xx_HAL_Driver/Inc/Legacy -I../Drivers/CMSIS/Device/ST/STM32F4xx/Include -I../Drivers/CMSIS/Include -O0 -ffunction-sections -fdata-sections -Wall -fstack-usage -fcyclomatic-complexity -MMD -MP -MF"Core/Src/stm32f4xx_it.d" -MT"Core/Src/stm32f4xx_it.o" --specs=nano.specs -mfpu=fpv4-sp-d16 -mfloat-abi=hard -mthumb -o "Core/Src/stm32f4xx_it.o"
../Core/Src/main.c: In function 'main':
../Core/Src/main.c:117:7: warning: unused variable 'i' [-Wunused-variable]
  117 |   int i = 4000;
      |       ^
../Core/Src/main.c: At top level:
../Core/Src/main.c:388:1: warning: return type defaults to 'int' [-Wimplicit-int]
  388 | HAL_GPIO_EXTI_Callback(uint16_t GPIO_Pin)
      | ^~~~~~~~~~~~~~~~~~~~~~
../Core/Src/main.c:388:1: warning: conflicting types for 'HAL_GPIO_EXTI_Callback'
In file included from ../Core/Inc/stm32f4xx_hal_conf.h:279,
                 from ../Drivers/STM32F4xx_HAL_Driver/Inc/stm32f4xx_hal.h:29,
                 from ../Core/Inc/main.h:30,
                 from ../Core/Src/main.c:20:
../Drivers/STM32F4xx_HAL_Driver/Inc/stm32f4xx_hal_gpio.h:239:6: note: previous declaration of 'HAL_GPIO_EXTI_Callback' with type 'void(uint16_t)' {aka 'void(short unsigned int)'}
  239 | void HAL_GPIO_EXTI_Callback(uint16_t GPIO_Pin);
      |      ^~~~~~~~~~~~~~~~~~~~~~
arm-none-eabi-gcc -o "pwmTest2.elf" @"objects.list"   -mcpu=cortex-m4 -T"C:\WD\CCLAD\pwmTest2\STM32F401CCUX_FLASH.ld" --specs=nosys.specs -Wl,-Map="pwmTest2.map" -Wl,--gc-sections -static --specs=nano.specs -mfpu=fpv4-sp-d16 -mfloat-abi=hard -mthumb -Wl,--start-group -lc -lm -Wl,--end-group
Finished building target: pwmTest2.elf
 
arm-none-eabi-size  pwmTest2.elf 
arm-none-eabi-objdump -h -S pwmTest2.elf  > "pwmTest2.list"
   text	   data	    bss	    dec	    hex	filename
  10192	     20	   1732	  11944	   2ea8	pwmTest2.elf
Finished building: default.size.stdout
 
Finished building: pwmTest2.list
 
14:43:23 **** Incremental Build of configuration Debug for project pwmTest2 ****
make -j8 all 
arm-none-eabi-gcc "../Core/Src/main.c" -mcpu=cortex-m4 -std=gnu11 -g3 -DDEBUG -DUSE_HAL_DRIVER -DSTM32F401xC -c -I../Core/Inc -I../Drivers/STM32F4xx_HAL_Driver/Inc -I../Drivers/STM32F4xx_HAL_Driver/Inc/Legacy -I../Drivers/CMSIS/Device/ST/STM32F4xx/Include -I../Drivers/CMSIS/Include -O0 -ffunction-sections -fdata-sections -Wall -fstack-usage -fcyclomatic-complexity -MMD -MP -MF"Core/Src/main.d" -MT"Core/Src/main.o" --specs=nano.specs -mfpu=fpv4-sp-d16 -mfloat-abi=hard -mthumb -o "Core/Src/main.o"
../Core/Src/main.c: In function 'main':
../Core/Src/main.c:117:7: warning: unused variable 'i' [-Wunused-variable]
  117 |   int i = 4000;
      |       ^
arm-none-eabi-gcc -o "pwmTest2.elf" @"objects.list"   -mcpu=cortex-m4 -T"C:\WD\CCLAD\pwmTest2\STM32F401CCUX_FLASH.ld" --specs=nosys.specs -Wl,-Map="pwmTest2.map" -Wl,--gc-sections -static --specs=nano.specs -mfpu=fpv4-sp-d16 -mfloat-abi=hard -mthumb -Wl,--start-group -lc -lm -Wl,--end-group
Finished building target: pwmTest2.elf
 
arm-none-eabi-size  pwmTest2.elf 
arm-none-eabi-objdump -h -S pwmTest2.elf  > "pwmTest2.list"
   text	   data	    bss	    dec	    hex	filename
  10192	     20	   1732	  11944	   2ea8	pwmTest2.elf
Finished building: default.size.stdout
 
Finished building: pwmTest2.list
 
14:45:50 **** Incremental Build of configuration Debug for project pwmTest2 ****
make -j8 all 
arm-none-eabi-size  pwmTest2.elf 
   text	   data	    bss	    dec	    hex	filename
  10192	     20	   1732	  11944	   2ea8	pwmTest2.elf
Finished building: default.size.stdout
 
14:45:56 **** Incremental Build of configuration Debug for project pwmTest2 ****
make -j8 all 
arm-none-eabi-size  pwmTest2.elf 
   text	   data	    bss	    dec	    hex	filename
  10192	     20	   1732	  11944	   2ea8	pwmTest2.elf
Finished building: default.size.stdout
 
14:48:12 **** Incremental Build of configuration Debug for project pwmTest2 ****
make -j8 all 
arm-none-eabi-gcc "../Core/Src/main.c" -mcpu=cortex-m4 -std=gnu11 -g3 -DDEBUG -DUSE_HAL_DRIVER -DSTM32F401xC -c -I../Core/Inc -I../Drivers/STM32F4xx_HAL_Driver/Inc -I../Drivers/STM32F4xx_HAL_Driver/Inc/Legacy -I../Drivers/CMSIS/Device/ST/STM32F4xx/Include -I../Drivers/CMSIS/Include -O0 -ffunction-sections -fdata-sections -Wall -fstack-usage -fcyclomatic-complexity -MMD -MP -MF"Core/Src/main.d" -MT"Core/Src/main.o" --specs=nano.specs -mfpu=fpv4-sp-d16 -mfloat-abi=hard -mthumb -o "Core/Src/main.o"
../Core/Src/main.c: In function 'main':
../Core/Src/main.c:117:7: warning: unused variable 'i' [-Wunused-variable]
  117 |   int i = 4000;
      |       ^
arm-none-eabi-gcc -o "pwmTest2.elf" @"objects.list"   -mcpu=cortex-m4 -T"C:\WD\CCLAD\pwmTest2\STM32F401CCUX_FLASH.ld" --specs=nosys.specs -Wl,-Map="pwmTest2.map" -Wl,--gc-sections -static --specs=nano.specs -mfpu=fpv4-sp-d16 -mfloat-abi=hard -mthumb -Wl,--start-group -lc -lm -Wl,--end-group
Finished building target: pwmTest2.elf
 
arm-none-eabi-size  pwmTest2.elf 
arm-none-eabi-objdump -h -S pwmTest2.elf  > "pwmTest2.list"
   text	   data	    bss	    dec	    hex	filename
  10192	     20	   1732	  11944	   2ea8	pwmTest2.elf
Finished building: default.size.stdout
 
Finished building: pwmTest2.list
 
14:49:00 **** Incremental Build of configuration Debug for project pwmTest2 ****
make -j8 all 
arm-none-eabi-size  pwmTest2.elf 
   text	   data	    bss	    dec	    hex	filename
  10192	     20	   1732	  11944	   2ea8	pwmTest2.elf
Finished building: default.size.stdout
 
14:51:01 **** Incremental Build of configuration Debug for project pwmTest2 ****
make -j8 all 
arm-none-eabi-size  pwmTest2.elf 
   text	   data	    bss	    dec	    hex	filename
  10192	     20	   1732	  11944	   2ea8	pwmTest2.elf
Finished building: default.size.stdout
 
14:52:54 **** Incremental Build of configuration Debug for project pwmTest2 ****
make -j8 all 
arm-none-eabi-size  pwmTest2.elf 
   text	   data	    bss	    dec	    hex	filename
  10192	     20	   1732	  11944	   2ea8	pwmTest2.elf
Finished building: default.size.stdout
 
14:53:45 **** Incremental Build of configuration Debug for project pwmTest2 ****
make -j8 all 
arm-none-eabi-size  pwmTest2.elf 
   text	   data	    bss	    dec	    hex	filename
  10192	     20	   1732	  11944	   2ea8	pwmTest2.elf
Finished building: default.size.stdout
 
15:07:12 **** Incremental Build of configuration Debug for project pwmTest2 ****
make -j8 all 
arm-none-eabi-gcc "../Core/Src/main.c" -mcpu=cortex-m4 -std=gnu11 -g3 -DDEBUG -DUSE_HAL_DRIVER -DSTM32F401xC -c -I../Core/Inc -I../Drivers/STM32F4xx_HAL_Driver/Inc -I../Drivers/STM32F4xx_HAL_Driver/Inc/Legacy -I../Drivers/CMSIS/Device/ST/STM32F4xx/Include -I../Drivers/CMSIS/Include -O0 -ffunction-sections -fdata-sections -Wall -fstack-usage -fcyclomatic-complexity -MMD -MP -MF"Core/Src/main.d" -MT"Core/Src/main.o" --specs=nano.specs -mfpu=fpv4-sp-d16 -mfloat-abi=hard -mthumb -o "Core/Src/main.o"
../Core/Src/main.c: In function 'main':
../Core/Src/main.c:117:7: warning: unused variable 'i' [-Wunused-variable]
  117 |   int i = 4000;
      |       ^
arm-none-eabi-gcc -o "pwmTest2.elf" @"objects.list"   -mcpu=cortex-m4 -T"C:\WD\CCLAD\pwmTest2\STM32F401CCUX_FLASH.ld" --specs=nosys.specs -Wl,-Map="pwmTest2.map" -Wl,--gc-sections -static --specs=nano.specs -mfpu=fpv4-sp-d16 -mfloat-abi=hard -mthumb -Wl,--start-group -lc -lm -Wl,--end-group
Finished building target: pwmTest2.elf
 
arm-none-eabi-size  pwmTest2.elf 
arm-none-eabi-objdump -h -S pwmTest2.elf  > "pwmTest2.list"
   text	   data	    bss	    dec	    hex	filename
  10176	     20	   1732	  11928	   2e98	pwmTest2.elf
Finished building: default.size.stdout
 
Finished building: pwmTest2.list
 
15:07:58 **** Incremental Build of configuration Debug for project pwmTest2 ****
make -j8 all 
arm-none-eabi-size  pwmTest2.elf 
   text	   data	    bss	    dec	    hex	filename
  10176	     20	   1732	  11928	   2e98	pwmTest2.elf
Finished building: default.size.stdout
 
15:10:47 **** Incremental Build of configuration Debug for project pwmTest2 ****
make -j8 all 
arm-none-eabi-size  pwmTest2.elf 
   text	   data	    bss	    dec	    hex	filename
  10176	     20	   1732	  11928	   2e98	pwmTest2.elf
Finished building: default.size.stdout
 
15:15:59 **** Incremental Build of configuration Debug for project pwmTest2 ****
make -j8 all 
arm-none-eabi-size  pwmTest2.elf 
   text	   data	    bss	    dec	    hex	filename
  10176	     20	   1732	  11928	   2e98	pwmTest2.elf
Finished building: default.size.stdout
 
15:23:18 **** Incremental Build of configuration Debug for project pwmTest2 ****
make -j8 all 
arm-none-eabi-size  pwmTest2.elf 
   text	   data	    bss	    dec	    hex	filename
  10176	     20	   1732	  11928	   2e98	pwmTest2.elf
Finished building: default.size.stdout
 
15:23:23 **** Incremental Build of configuration Debug for project pwmTest2 ****
make -j8 all 
arm-none-eabi-size  pwmTest2.elf 
   text	   data	    bss	    dec	    hex	filename
  10176	     20	   1732	  11928	   2e98	pwmTest2.elf
Finished building: default.size.stdout
 
15:23:43 **** Incremental Build of configuration Debug for project pwmTest2 ****
make -j8 all 
arm-none-eabi-size  pwmTest2.elf 
   text	   data	    bss	    dec	    hex	filename
  10176	     20	   1732	  11928	   2e98	pwmTest2.elf
Finished building: default.size.stdout
 
15:24:29 **** Incremental Build of configuration Debug for project pwmTest2 ****
make -j8 all 
arm-none-eabi-size  pwmTest2.elf 
   text	   data	    bss	    dec	    hex	filename
  10176	     20	   1732	  11928	   2e98	pwmTest2.elf
Finished building: default.size.stdout
 
15:24:56 **** Incremental Build of configuration Debug for project pwmTest2 ****
make -j8 all 
arm-none-eabi-size  pwmTest2.elf 
   text	   data	    bss	    dec	    hex	filename
  10176	     20	   1732	  11928	   2e98	pwmTest2.elf
Finished building: default.size.stdout
 
15:25:09 **** Incremental Build of configuration Debug for project pwmTest2 ****
make -j8 all 
arm-none-eabi-size  pwmTest2.elf 
   text	   data	    bss	    dec	    hex	filename
  10176	     20	   1732	  11928	   2e98	pwmTest2.elf
Finished building: default.size.stdout
 
15:29:34 **** Incremental Build of configuration Debug for project pwmTest2 ****
make -j8 all 
arm-none-eabi-size  pwmTest2.elf 
   text	   data	    bss	    dec	    hex	filename
  10176	     20	   1732	  11928	   2e98	pwmTest2.elf
Finished building: default.size.stdout
 
15:32:52 **** Incremental Build of configuration Debug for project pwmTest2 ****
make -j8 all 
arm-none-eabi-size  pwmTest2.elf 
   text	   data	    bss	    dec	    hex	filename
  10176	     20	   1732	  11928	   2e98	pwmTest2.elf
Finished building: default.size.stdout
 
15:57:18 **** Incremental Build of configuration Debug for project pwmTest2 ****
make -j8 all 
arm-none-eabi-size  pwmTest2.elf 
   text	   data	    bss	    dec	    hex	filename
  10176	     20	   1732	  11928	   2e98	pwmTest2.elf
Finished building: default.size.stdout
 
15:57:48 **** Incremental Build of configuration Debug for project pwmTest2 ****
make -j8 all 
arm-none-eabi-size  pwmTest2.elf 
   text	   data	    bss	    dec	    hex	filename
  10176	     20	   1732	  11928	   2e98	pwmTest2.elf
Finished building: default.size.stdout
 
16:04:13 **** Incremental Build of configuration Debug for project pwmTest2 ****
make -j8 all 
arm-none-eabi-size  pwmTest2.elf 
   text	   data	    bss	    dec	    hex	filename
  10176	     20	   1732	  11928	   2e98	pwmTest2.elf
Finished building: default.size.stdout
 
16:05:47 **** Incremental Build of configuration Debug for project pwmTest2 ****
make -j8 all 
arm-none-eabi-size  pwmTest2.elf 
   text	   data	    bss	    dec	    hex	filename
  10176	     20	   1732	  11928	   2e98	pwmTest2.elf
Finished building: default.size.stdout
 
16:16:21 **** Incremental Build of configuration Debug for project pwmTest2 ****
make -j8 all 
arm-none-eabi-size  pwmTest2.elf 
   text	   data	    bss	    dec	    hex	filename
  10176	     20	   1732	  11928	   2e98	pwmTest2.elf
Finished building: default.size.stdout
 
16:24:23 **** Incremental Build of configuration Debug for project pwmTest2 ****
make -j8 all 
arm-none-eabi-size  pwmTest2.elf 
   text	   data	    bss	    dec	    hex	filename
  10176	     20	   1732	  11928	   2e98	pwmTest2.elf
Finished building: default.size.stdout
 
16:24:51 **** Incremental Build of configuration Debug for project pwmTest2 ****
make -j8 all 
arm-none-eabi-size  pwmTest2.elf 
   text	   data	    bss	    dec	    hex	filename
  10176	     20	   1732	  11928	   2e98	pwmTest2.elf
Finished building: default.size.stdout
 
16:25:28 **** Incremental Build of configuration Debug for project pwmTest2 ****
make -j8 all 
arm-none-eabi-size  pwmTest2.elf 
   text	   data	    bss	    dec	    hex	filename
  10176	     20	   1732	  11928	   2e98	pwmTest2.elf
Finished building: default.size.stdout
 
16:27:16 **** Incremental Build of configuration Debug for project pwmTest2 ****
make -j8 all 
arm-none-eabi-size  pwmTest2.elf 
   text	   data	    bss	    dec	    hex	filename
  10176	     20	   1732	  11928	   2e98	pwmTest2.elf
Finished building: default.size.stdout
 
16:29:58 **** Incremental Build of configuration Debug for project pwmTest2 ****
make -j8 all 
arm-none-eabi-gcc "../Core/Src/stm32f4xx_it.c" -mcpu=cortex-m4 -std=gnu11 -g3 -DDEBUG -DUSE_HAL_DRIVER -DSTM32F401xC -c -I../Core/Inc -I../Drivers/STM32F4xx_HAL_Driver/Inc -I../Drivers/STM32F4xx_HAL_Driver/Inc/Legacy -I../Drivers/CMSIS/Device/ST/STM32F4xx/Include -I../Drivers/CMSIS/Include -O0 -ffunction-sections -fdata-sections -Wall -fstack-usage -fcyclomatic-complexity -MMD -MP -MF"Core/Src/stm32f4xx_it.d" -MT"Core/Src/stm32f4xx_it.o" --specs=nano.specs -mfpu=fpv4-sp-d16 -mfloat-abi=hard -mthumb -o "Core/Src/stm32f4xx_it.o"
arm-none-eabi-gcc -o "pwmTest2.elf" @"objects.list"   -mcpu=cortex-m4 -T"C:\WD\CCLAD\pwmTest2\STM32F401CCUX_FLASH.ld" --specs=nosys.specs -Wl,-Map="pwmTest2.map" -Wl,--gc-sections -static --specs=nano.specs -mfpu=fpv4-sp-d16 -mfloat-abi=hard -mthumb -Wl,--start-group -lc -lm -Wl,--end-group
Finished building target: pwmTest2.elf
 
arm-none-eabi-size  pwmTest2.elf 
arm-none-eabi-objdump -h -S pwmTest2.elf  > "pwmTest2.list"
   text	   data	    bss	    dec	    hex	filename
  10184	     20	   1732	  11936	   2ea0	pwmTest2.elf
Finished building: default.size.stdout
 
Finished building: pwmTest2.list
 
